2023-02-22 18:18:34,126 INFO [main][StartupInfoLogger.java:55] - Starting ContentApiApplication using Java 1.8.0_301 on PZZKC with PID 13252 (D:\Java\ideaProjects\xcplus\xcplus-content\xcplus-content-api\target\classes started by pczkc in D:\Java\ideaProjects\xcplus)
2023-02-22 18:18:34,126 INFO [main][StartupInfoLogger.java:55] - Starting ContentApiApplication using Java 1.8.0_301 on PZZKC with PID 13252 (D:\Java\ideaProjects\xcplus\xcplus-content\xcplus-content-api\target\classes started by pczkc in D:\Java\ideaProjects\xcplus)
2023-02-22 18:18:34,139 DEBUG [main][StartupInfoLogger.java:56] - Running with Spring Boot v2.7.8, Spring v5.3.25
2023-02-22 18:18:34,139 DEBUG [main][StartupInfoLogger.java:56] - Running with Spring Boot v2.7.8, Spring v5.3.25
2023-02-22 18:18:34,140 INFO [main][SpringApplication.java:631] - No active profile set, falling back to 1 default profile: "default"
2023-02-22 18:18:34,140 INFO [main][SpringApplication.java:631] - No active profile set, falling back to 1 default profile: "default"
2023-02-22 18:18:34,851 INFO [main][TomcatWebServer.java:108] - Tomcat initialized with port(s): 1001 (http)
2023-02-22 18:18:34,851 INFO [main][TomcatWebServer.java:108] - Tomcat initialized with port(s): 1001 (http)
2023-02-22 18:18:34,866 INFO [main][DirectJDKLog.java:173] - Initializing ProtocolHandler ["http-nio-1001"]
2023-02-22 18:18:34,866 INFO [main][DirectJDKLog.java:173] - Initializing ProtocolHandler ["http-nio-1001"]
2023-02-22 18:18:34,866 INFO [main][DirectJDKLog.java:173] - Starting service [Tomcat]
2023-02-22 18:18:34,866 INFO [main][DirectJDKLog.java:173] - Starting service [Tomcat]
2023-02-22 18:18:34,866 INFO [main][DirectJDKLog.java:173] - Starting Servlet engine: [Apache Tomcat/9.0.71]
2023-02-22 18:18:34,866 INFO [main][DirectJDKLog.java:173] - Starting Servlet engine: [Apache Tomcat/9.0.71]
2023-02-22 18:18:34,975 INFO [main][DirectJDKLog.java:173] - Initializing Spring embedded WebApplicationContext
2023-02-22 18:18:34,975 INFO [main][DirectJDKLog.java:173] - Initializing Spring embedded WebApplicationContext
2023-02-22 18:18:34,975 INFO [main][ServletWebServerApplicationContext.java:292] - Root WebApplicationContext: initialization completed in 800 ms
2023-02-22 18:18:34,975 INFO [main][ServletWebServerApplicationContext.java:292] - Root WebApplicationContext: initialization completed in 800 ms
2023-02-22 18:18:35,272 DEBUG [main][AbstractHandlerMethodMapping.java:295] - 
	c.z.x.c.a.c.CourseBaseController:
	{POST [/coursebase/list]}: list(PageParams,CourseQueryParamsDto)
2023-02-22 18:18:35,272 DEBUG [main][AbstractHandlerMethodMapping.java:295] - 
	c.z.x.c.a.c.CourseBaseController:
	{POST [/coursebase/list]}: list(PageParams,CourseQueryParamsDto)
2023-02-22 18:18:35,276 DEBUG [main][AbstractHandlerMethodMapping.java:295] - 
	o.s.b.a.w.s.e.BasicErrorController:
	{ [/error]}: error(HttpServletRequest)
	{ [/error], produces [text/html]}: errorHtml(HttpServletRequest,HttpServletResponse)
2023-02-22 18:18:35,276 DEBUG [main][AbstractHandlerMethodMapping.java:295] - 
	o.s.b.a.w.s.e.BasicErrorController:
	{ [/error]}: error(HttpServletRequest)
	{ [/error], produces [text/html]}: errorHtml(HttpServletRequest,HttpServletResponse)
2023-02-22 18:18:35,288 DEBUG [main][AbstractHandlerMethodMapping.java:295] - 
	o.s.w.a.OpenApiWebMvcResource:
	{GET [/v3/api-docs.yaml], produces [application/vnd.oai.openapi]}: openapiYaml(HttpServletRequest,String,Locale)
	{GET [/v3/api-docs], produces [application/json]}: openapiJson(HttpServletRequest,String,Locale)
2023-02-22 18:18:35,288 DEBUG [main][AbstractHandlerMethodMapping.java:295] - 
	o.s.w.a.OpenApiWebMvcResource:
	{GET [/v3/api-docs.yaml], produces [application/vnd.oai.openapi]}: openapiYaml(HttpServletRequest,String,Locale)
	{GET [/v3/api-docs], produces [application/json]}: openapiJson(HttpServletRequest,String,Locale)
2023-02-22 18:18:35,288 DEBUG [main][AbstractHandlerMethodMapping.java:295] - 
	o.s.w.u.SwaggerWelcomeWebMvc:
	{GET [/swagger-ui.html]}: redirectToUi(HttpServletRequest)
2023-02-22 18:18:35,288 DEBUG [main][AbstractHandlerMethodMapping.java:295] - 
	o.s.w.u.SwaggerWelcomeWebMvc:
	{GET [/swagger-ui.html]}: redirectToUi(HttpServletRequest)
2023-02-22 18:18:35,289 DEBUG [main][AbstractHandlerMethodMapping.java:295] - 
	o.s.w.u.SwaggerConfigResource:
	{GET [/v3/api-docs/swagger-config], produces [application/json]}: openapiJson(HttpServletRequest)
2023-02-22 18:18:35,289 DEBUG [main][AbstractHandlerMethodMapping.java:295] - 
	o.s.w.u.SwaggerConfigResource:
	{GET [/v3/api-docs/swagger-config], produces [application/json]}: openapiJson(HttpServletRequest)
2023-02-22 18:18:35,294 DEBUG [main][AbstractDetectingUrlHandlerMapping.java:86] - 'beanNameHandlerMapping' {}
2023-02-22 18:18:35,294 DEBUG [main][AbstractDetectingUrlHandlerMapping.java:86] - 'beanNameHandlerMapping' {}
2023-02-22 18:18:35,491 DEBUG [main][SimpleUrlHandlerMapping.java:177] - 'resourceHandlerMapping' {/webjars/**=ResourceHttpRequestHandler [classpath [META-INF/resources/webjars/]], /**=ResourceHttpRequestHandler [classpath [META-INF/resources/], classpath [resources/], classpath [static/], classpath [public/], ServletContext [/]], /swagger-ui*/**=ResourceHttpRequestHandler [classpath [META-INF/resources/webjars/]]}
2023-02-22 18:18:35,491 DEBUG [main][SimpleUrlHandlerMapping.java:177] - 'resourceHandlerMapping' {/webjars/**=ResourceHttpRequestHandler [classpath [META-INF/resources/webjars/]], /**=ResourceHttpRequestHandler [classpath [META-INF/resources/], classpath [resources/], classpath [static/], classpath [public/], ServletContext [/]], /swagger-ui*/**=ResourceHttpRequestHandler [classpath [META-INF/resources/webjars/]]}
2023-02-22 18:18:35,585 INFO [main][DirectJDKLog.java:173] - Starting ProtocolHandler ["http-nio-1001"]
2023-02-22 18:18:35,585 INFO [main][DirectJDKLog.java:173] - Starting ProtocolHandler ["http-nio-1001"]
2023-02-22 18:18:35,599 INFO [main][TomcatWebServer.java:220] - Tomcat started on port(s): 1001 (http) with context path ''
2023-02-22 18:18:35,599 INFO [main][TomcatWebServer.java:220] - Tomcat started on port(s): 1001 (http) with context path ''
2023-02-22 18:18:35,607 INFO [main][StartupInfoLogger.java:61] - Started ContentApiApplication in 1.952 seconds (JVM running for 3.046)
2023-02-22 18:18:35,607 INFO [main][StartupInfoLogger.java:61] - Started ContentApiApplication in 1.952 seconds (JVM running for 3.046)
2023-02-22 18:18:52,525 INFO [http-nio-1001-exec-1][DirectJDKLog.java:173] - Initializing Spring DispatcherServlet 'dispatcherServlet'
2023-02-22 18:18:52,525 INFO [http-nio-1001-exec-1][DirectJDKLog.java:173] - Initializing Spring DispatcherServlet 'dispatcherServlet'
2023-02-22 18:18:52,525 INFO [http-nio-1001-exec-1][FrameworkServlet.java:525] - Initializing Servlet 'dispatcherServlet'
2023-02-22 18:18:52,525 INFO [http-nio-1001-exec-1][FrameworkServlet.java:525] - Initializing Servlet 'dispatcherServlet'
2023-02-22 18:18:52,527 INFO [http-nio-1001-exec-1][FrameworkServlet.java:547] - Completed initialization in 2 ms
2023-02-22 18:18:52,527 INFO [http-nio-1001-exec-1][FrameworkServlet.java:547] - Completed initialization in 2 ms
2023-02-22 18:18:52,971 DEBUG [http-nio-1001-exec-3][ModelConverterContextImpl.java:90] - resolve class com.zkc.xcplus.base.model.PageParams
2023-02-22 18:18:52,971 DEBUG [http-nio-1001-exec-3][ModelConverterContextImpl.java:90] - resolve class com.zkc.xcplus.base.model.PageParams
2023-02-22 18:18:52,975 DEBUG [http-nio-1001-exec-3][ModelConverterContextImpl.java:90] - resolve [simple type, class java.lang.Long]
2023-02-22 18:18:52,975 DEBUG [http-nio-1001-exec-3][ModelConverterContextImpl.java:90] - resolve [simple type, class java.lang.Long]
2023-02-22 18:18:52,988 DEBUG [http-nio-1001-exec-3][ModelConverterContextImpl.java:90] - resolve [simple type, class java.lang.Long]
2023-02-22 18:18:52,988 DEBUG [http-nio-1001-exec-3][ModelConverterContextImpl.java:90] - resolve [simple type, class java.lang.Long]
2023-02-22 18:18:52,991 DEBUG [http-nio-1001-exec-3][ModelConverterContextImpl.java:90] - resolve class com.zkc.xcplus.content.model.dto.CourseQueryParamsDto
2023-02-22 18:18:52,991 DEBUG [http-nio-1001-exec-3][ModelConverterContextImpl.java:90] - resolve class com.zkc.xcplus.content.model.dto.CourseQueryParamsDto
2023-02-22 18:18:52,992 DEBUG [http-nio-1001-exec-3][ModelConverterContextImpl.java:90] - resolve [simple type, class java.lang.String]
2023-02-22 18:18:52,992 DEBUG [http-nio-1001-exec-3][ModelConverterContextImpl.java:90] - resolve [simple type, class java.lang.String]
2023-02-22 18:18:52,997 DEBUG [http-nio-1001-exec-3][ModelConverterContextImpl.java:90] - resolve [simple type, class java.lang.String]
2023-02-22 18:18:52,997 DEBUG [http-nio-1001-exec-3][ModelConverterContextImpl.java:90] - resolve [simple type, class java.lang.String]
2023-02-22 18:18:52,998 DEBUG [http-nio-1001-exec-3][ModelConverterContextImpl.java:90] - resolve [simple type, class java.lang.String]
2023-02-22 18:18:52,998 DEBUG [http-nio-1001-exec-3][ModelConverterContextImpl.java:90] - resolve [simple type, class java.lang.String]
2023-02-22 18:18:53,002 DEBUG [http-nio-1001-exec-3][ModelConverterContextImpl.java:90] - resolve com.zkc.xcplus.base.model.PageResult<com.zkc.xcplus.content.model.po.CourseBase>
2023-02-22 18:18:53,002 DEBUG [http-nio-1001-exec-3][ModelConverterContextImpl.java:90] - resolve com.zkc.xcplus.base.model.PageResult<com.zkc.xcplus.content.model.po.CourseBase>
2023-02-22 18:18:53,004 DEBUG [http-nio-1001-exec-3][ModelConverterContextImpl.java:90] - resolve [collection type; class java.util.List, contains [simple type, class com.zkc.xcplus.content.model.po.CourseBase]]
2023-02-22 18:18:53,004 DEBUG [http-nio-1001-exec-3][ModelConverterContextImpl.java:90] - resolve [collection type; class java.util.List, contains [simple type, class com.zkc.xcplus.content.model.po.CourseBase]]
2023-02-22 18:18:53,006 DEBUG [http-nio-1001-exec-3][ModelConverterContextImpl.java:90] - resolve [simple type, class com.zkc.xcplus.content.model.po.CourseBase]
2023-02-22 18:18:53,006 DEBUG [http-nio-1001-exec-3][ModelConverterContextImpl.java:90] - resolve [simple type, class com.zkc.xcplus.content.model.po.CourseBase]
2023-02-22 18:18:53,013 DEBUG [http-nio-1001-exec-3][ModelConverterContextImpl.java:90] - resolve [simple type, class java.lang.Long]
2023-02-22 18:18:53,013 DEBUG [http-nio-1001-exec-3][ModelConverterContextImpl.java:90] - resolve [simple type, class java.lang.Long]
2023-02-22 18:18:53,015 DEBUG [http-nio-1001-exec-3][ModelConverterContextImpl.java:90] - resolve [simple type, class java.lang.Long]
2023-02-22 18:18:53,015 DEBUG [http-nio-1001-exec-3][ModelConverterContextImpl.java:90] - resolve [simple type, class java.lang.Long]
2023-02-22 18:18:53,016 DEBUG [http-nio-1001-exec-3][ModelConverterContextImpl.java:90] - resolve [simple type, class java.lang.String]
2023-02-22 18:18:53,016 DEBUG [http-nio-1001-exec-3][ModelConverterContextImpl.java:90] - resolve [simple type, class java.lang.String]
2023-02-22 18:18:53,017 DEBUG [http-nio-1001-exec-3][ModelConverterContextImpl.java:90] - resolve [simple type, class java.lang.String]
2023-02-22 18:18:53,017 DEBUG [http-nio-1001-exec-3][ModelConverterContextImpl.java:90] - resolve [simple type, class java.lang.String]
2023-02-22 18:18:53,018 DEBUG [http-nio-1001-exec-3][ModelConverterContextImpl.java:90] - resolve [simple type, class java.lang.String]
2023-02-22 18:18:53,018 DEBUG [http-nio-1001-exec-3][ModelConverterContextImpl.java:90] - resolve [simple type, class java.lang.String]
2023-02-22 18:18:53,019 DEBUG [http-nio-1001-exec-3][ModelConverterContextImpl.java:90] - resolve [simple type, class java.lang.String]
2023-02-22 18:18:53,019 DEBUG [http-nio-1001-exec-3][ModelConverterContextImpl.java:90] - resolve [simple type, class java.lang.String]
2023-02-22 18:18:53,019 DEBUG [http-nio-1001-exec-3][ModelConverterContextImpl.java:90] - resolve [simple type, class java.lang.String]
2023-02-22 18:18:53,019 DEBUG [http-nio-1001-exec-3][ModelConverterContextImpl.java:90] - resolve [simple type, class java.lang.String]
2023-02-22 18:18:53,020 DEBUG [http-nio-1001-exec-3][ModelConverterContextImpl.java:90] - resolve [simple type, class java.lang.String]
2023-02-22 18:18:53,020 DEBUG [http-nio-1001-exec-3][ModelConverterContextImpl.java:90] - resolve [simple type, class java.lang.String]
2023-02-22 18:18:53,021 DEBUG [http-nio-1001-exec-3][ModelConverterContextImpl.java:90] - resolve [simple type, class java.lang.String]
2023-02-22 18:18:53,021 DEBUG [http-nio-1001-exec-3][ModelConverterContextImpl.java:90] - resolve [simple type, class java.lang.String]
2023-02-22 18:18:53,022 DEBUG [http-nio-1001-exec-3][ModelConverterContextImpl.java:90] - resolve [simple type, class java.lang.String]
2023-02-22 18:18:53,022 DEBUG [http-nio-1001-exec-3][ModelConverterContextImpl.java:90] - resolve [simple type, class java.lang.String]
2023-02-22 18:18:53,022 DEBUG [http-nio-1001-exec-3][ModelConverterContextImpl.java:90] - resolve [simple type, class java.lang.String]
2023-02-22 18:18:53,022 DEBUG [http-nio-1001-exec-3][ModelConverterContextImpl.java:90] - resolve [simple type, class java.lang.String]
2023-02-22 18:18:53,026 DEBUG [http-nio-1001-exec-3][ModelConverterContextImpl.java:90] - resolve [simple type, class java.lang.String]
2023-02-22 18:18:53,026 DEBUG [http-nio-1001-exec-3][ModelConverterContextImpl.java:90] - resolve [simple type, class java.lang.String]
2023-02-22 18:18:53,027 DEBUG [http-nio-1001-exec-3][ModelConverterContextImpl.java:90] - resolve [simple type, class java.time.LocalDateTime]
2023-02-22 18:18:53,027 DEBUG [http-nio-1001-exec-3][ModelConverterContextImpl.java:90] - resolve [simple type, class java.time.LocalDateTime]
2023-02-22 18:18:53,032 DEBUG [http-nio-1001-exec-3][ModelConverterContextImpl.java:90] - resolve [simple type, class java.time.LocalDateTime]
2023-02-22 18:18:53,032 DEBUG [http-nio-1001-exec-3][ModelConverterContextImpl.java:90] - resolve [simple type, class java.time.LocalDateTime]
2023-02-22 18:18:53,033 DEBUG [http-nio-1001-exec-3][ModelConverterContextImpl.java:90] - resolve [simple type, class java.lang.String]
2023-02-22 18:18:53,033 DEBUG [http-nio-1001-exec-3][ModelConverterContextImpl.java:90] - resolve [simple type, class java.lang.String]
2023-02-22 18:18:53,034 DEBUG [http-nio-1001-exec-3][ModelConverterContextImpl.java:90] - resolve [simple type, class java.lang.String]
2023-02-22 18:18:53,034 DEBUG [http-nio-1001-exec-3][ModelConverterContextImpl.java:90] - resolve [simple type, class java.lang.String]
2023-02-22 18:18:53,035 DEBUG [http-nio-1001-exec-3][ModelConverterContextImpl.java:90] - resolve [simple type, class java.lang.String]
2023-02-22 18:18:53,035 DEBUG [http-nio-1001-exec-3][ModelConverterContextImpl.java:90] - resolve [simple type, class java.lang.String]
2023-02-22 18:18:53,036 DEBUG [http-nio-1001-exec-3][ModelConverterContextImpl.java:90] - resolve [simple type, class java.lang.String]
2023-02-22 18:18:53,036 DEBUG [http-nio-1001-exec-3][ModelConverterContextImpl.java:90] - resolve [simple type, class java.lang.String]
2023-02-22 18:18:53,040 DEBUG [http-nio-1001-exec-3][ModelConverterContextImpl.java:90] - resolve [simple type, class long]
2023-02-22 18:18:53,040 DEBUG [http-nio-1001-exec-3][ModelConverterContextImpl.java:90] - resolve [simple type, class long]
2023-02-22 18:18:53,041 DEBUG [http-nio-1001-exec-3][ModelConverterContextImpl.java:90] - resolve [simple type, class long]
2023-02-22 18:18:53,041 DEBUG [http-nio-1001-exec-3][ModelConverterContextImpl.java:90] - resolve [simple type, class long]
2023-02-22 18:18:53,041 DEBUG [http-nio-1001-exec-3][ModelConverterContextImpl.java:90] - resolve [simple type, class long]
2023-02-22 18:18:53,041 DEBUG [http-nio-1001-exec-3][ModelConverterContextImpl.java:90] - resolve [simple type, class long]
2023-02-22 18:18:53,050 INFO [http-nio-1001-exec-3][AbstractOpenApiResource.java:359] - Init duration for springdoc-openapi is: 208 ms
2023-02-22 18:18:53,050 INFO [http-nio-1001-exec-3][AbstractOpenApiResource.java:359] - Init duration for springdoc-openapi is: 208 ms
2023-02-22 18:20:25,359 DEBUG [http-nio-1001-exec-9][AbstractOpenApiResource.java:363] - Fetching openApi document from cache
2023-02-22 18:20:25,359 DEBUG [http-nio-1001-exec-9][AbstractOpenApiResource.java:363] - Fetching openApi document from cache
