2023-02-23 14:11:38,670 ERROR [main][LoggingFailureAnalysisReporter.java:40] - 

***************************
APPLICATION FAILED TO START
***************************

Description:

Field courseBaseMapper in com.zkc.xcplus.content.api.controller.CourseBaseController required a bean of type 'com.zkc.xcplus.content.service.dao.CourseBaseMapper' that could not be found.

The injection point has the following annotations:
	- @org.springframework.beans.factory.annotation.Autowired(required=true)


Action:

Consider defining a bean of type 'com.zkc.xcplus.content.service.dao.CourseBaseMapper' in your configuration.

2023-02-23 14:12:06,097 ERROR [main][LoggingFailureAnalysisReporter.java:40] - 

***************************
APPLICATION FAILED TO START
***************************

Description:

Field courseBaseMapper in com.zkc.xcplus.content.api.controller.CourseBaseController required a bean of type 'com.zkc.xcplus.content.service.dao.CourseBaseMapper' that could not be found.

The injection point has the following annotations:
	- @org.springframework.beans.factory.annotation.Autowired(required=true)


Action:

Consider defining a bean of type 'com.zkc.xcplus.content.service.dao.CourseBaseMapper' in your configuration.

2023-02-23 14:13:15,458 ERROR [main][LoggingFailureAnalysisReporter.java:40] - 

***************************
APPLICATION FAILED TO START
***************************

Description:

Field courseBaseMapper in com.zkc.xcplus.content.api.controller.CourseBaseController required a bean of type 'com.zkc.xcplus.content.service.dao.CourseBaseMapper' that could not be found.

The injection point has the following annotations:
	- @org.springframework.beans.factory.annotation.Autowired(required=true)


Action:

Consider defining a bean of type 'com.zkc.xcplus.content.service.dao.CourseBaseMapper' in your configuration.

2023-02-23 14:16:13,590 ERROR [main][LoggingFailureAnalysisReporter.java:40] - 

***************************
APPLICATION FAILED TO START
***************************

Description:

Field courseBaseMapper in com.zkc.xcplus.content.api.controller.CourseBaseController required a bean of type 'com.zkc.xcplus.content.service.dao.CourseBaseMapper' that could not be found.

The injection point has the following annotations:
	- @org.springframework.beans.factory.annotation.Autowired(required=true)


Action:

Consider defining a bean of type 'com.zkc.xcplus.content.service.dao.CourseBaseMapper' in your configuration.

