2023-02-23 13:06:37,383 INFO [main][StartupInfoLogger.java:55] - Starting ContentApiApplication using Java 1.8.0_301 on PZZKC with PID 4108 (D:\Java\ideaProjects\xcplus\xcplus-content\xcplus-content-api\target\classes started by pczkc in D:\Java\ideaProjects\xcplus)
2023-02-23 13:06:37,383 INFO [main][StartupInfoLogger.java:55] - Starting ContentApiApplication using Java 1.8.0_301 on PZZKC with PID 4108 (D:\Java\ideaProjects\xcplus\xcplus-content\xcplus-content-api\target\classes started by pczkc in D:\Java\ideaProjects\xcplus)
2023-02-23 13:06:37,394 DEBUG [main][StartupInfoLogger.java:56] - Running with Spring Boot v2.7.8, Spring v5.3.25
2023-02-23 13:06:37,394 DEBUG [main][StartupInfoLogger.java:56] - Running with Spring Boot v2.7.8, Spring v5.3.25
2023-02-23 13:06:37,395 INFO [main][SpringApplication.java:631] - No active profile set, falling back to 1 default profile: "default"
2023-02-23 13:06:37,395 INFO [main][SpringApplication.java:631] - No active profile set, falling back to 1 default profile: "default"
2023-02-23 13:06:38,063 INFO [main][TomcatWebServer.java:108] - Tomcat initialized with port(s): 1001 (http)
2023-02-23 13:06:38,063 INFO [main][TomcatWebServer.java:108] - Tomcat initialized with port(s): 1001 (http)
2023-02-23 13:06:38,076 INFO [main][DirectJDKLog.java:173] - Initializing ProtocolHandler ["http-nio-1001"]
2023-02-23 13:06:38,076 INFO [main][DirectJDKLog.java:173] - Initializing ProtocolHandler ["http-nio-1001"]
2023-02-23 13:06:38,077 INFO [main][DirectJDKLog.java:173] - Starting service [Tomcat]
2023-02-23 13:06:38,077 INFO [main][DirectJDKLog.java:173] - Starting service [Tomcat]
2023-02-23 13:06:38,077 INFO [main][DirectJDKLog.java:173] - Starting Servlet engine: [Apache Tomcat/9.0.71]
2023-02-23 13:06:38,077 INFO [main][DirectJDKLog.java:173] - Starting Servlet engine: [Apache Tomcat/9.0.71]
2023-02-23 13:06:38,178 INFO [main][DirectJDKLog.java:173] - Initializing Spring embedded WebApplicationContext
2023-02-23 13:06:38,178 INFO [main][DirectJDKLog.java:173] - Initializing Spring embedded WebApplicationContext
2023-02-23 13:06:38,178 INFO [main][ServletWebServerApplicationContext.java:292] - Root WebApplicationContext: initialization completed in 754 ms
2023-02-23 13:06:38,178 INFO [main][ServletWebServerApplicationContext.java:292] - Root WebApplicationContext: initialization completed in 754 ms
2023-02-23 13:06:40,832 DEBUG [main][AbstractHandlerMethodMapping.java:295] - 
	c.z.x.c.a.c.CourseBaseController:
	{POST [/coursebase/list]}: list(PageParams,CourseQueryParamsDto)
2023-02-23 13:06:40,832 DEBUG [main][AbstractHandlerMethodMapping.java:295] - 
	c.z.x.c.a.c.CourseBaseController:
	{POST [/coursebase/list]}: list(PageParams,CourseQueryParamsDto)
2023-02-23 13:06:40,836 DEBUG [main][AbstractHandlerMethodMapping.java:295] - 
	o.s.b.a.w.s.e.BasicErrorController:
	{ [/error], produces [text/html]}: errorHtml(HttpServletRequest,HttpServletResponse)
	{ [/error]}: error(HttpServletRequest)
2023-02-23 13:06:40,836 DEBUG [main][AbstractHandlerMethodMapping.java:295] - 
	o.s.b.a.w.s.e.BasicErrorController:
	{ [/error], produces [text/html]}: errorHtml(HttpServletRequest,HttpServletResponse)
	{ [/error]}: error(HttpServletRequest)
2023-02-23 13:06:40,847 DEBUG [main][AbstractHandlerMethodMapping.java:295] - 
	o.s.w.a.OpenApiWebMvcResource:
	{GET [/v3/api-docs], produces [application/json]}: openapiJson(HttpServletRequest,String,Locale)
	{GET [/v3/api-docs.yaml], produces [application/vnd.oai.openapi]}: openapiYaml(HttpServletRequest,String,Locale)
2023-02-23 13:06:40,847 DEBUG [main][AbstractHandlerMethodMapping.java:295] - 
	o.s.w.a.OpenApiWebMvcResource:
	{GET [/v3/api-docs], produces [application/json]}: openapiJson(HttpServletRequest,String,Locale)
	{GET [/v3/api-docs.yaml], produces [application/vnd.oai.openapi]}: openapiYaml(HttpServletRequest,String,Locale)
2023-02-23 13:06:40,848 DEBUG [main][AbstractHandlerMethodMapping.java:295] - 
	o.s.w.u.SwaggerWelcomeWebMvc:
	{GET [/swagger-ui.html]}: redirectToUi(HttpServletRequest)
2023-02-23 13:06:40,848 DEBUG [main][AbstractHandlerMethodMapping.java:295] - 
	o.s.w.u.SwaggerWelcomeWebMvc:
	{GET [/swagger-ui.html]}: redirectToUi(HttpServletRequest)
2023-02-23 13:06:40,849 DEBUG [main][AbstractHandlerMethodMapping.java:295] - 
	o.s.w.u.SwaggerConfigResource:
	{GET [/v3/api-docs/swagger-config], produces [application/json]}: openapiJson(HttpServletRequest)
2023-02-23 13:06:40,849 DEBUG [main][AbstractHandlerMethodMapping.java:295] - 
	o.s.w.u.SwaggerConfigResource:
	{GET [/v3/api-docs/swagger-config], produces [application/json]}: openapiJson(HttpServletRequest)
2023-02-23 13:06:40,853 DEBUG [main][AbstractDetectingUrlHandlerMapping.java:86] - 'beanNameHandlerMapping' {}
2023-02-23 13:06:40,853 DEBUG [main][AbstractDetectingUrlHandlerMapping.java:86] - 'beanNameHandlerMapping' {}
2023-02-23 13:06:41,054 DEBUG [main][SimpleUrlHandlerMapping.java:177] - 'resourceHandlerMapping' {/webjars/**=ResourceHttpRequestHandler [classpath [META-INF/resources/webjars/]], /**=ResourceHttpRequestHandler [classpath [META-INF/resources/], classpath [resources/], classpath [static/], classpath [public/], ServletContext [/]], /swagger-ui*/**=ResourceHttpRequestHandler [classpath [META-INF/resources/webjars/]]}
2023-02-23 13:06:41,054 DEBUG [main][SimpleUrlHandlerMapping.java:177] - 'resourceHandlerMapping' {/webjars/**=ResourceHttpRequestHandler [classpath [META-INF/resources/webjars/]], /**=ResourceHttpRequestHandler [classpath [META-INF/resources/], classpath [resources/], classpath [static/], classpath [public/], ServletContext [/]], /swagger-ui*/**=ResourceHttpRequestHandler [classpath [META-INF/resources/webjars/]]}
2023-02-23 13:06:41,077 DEBUG [main][LogFactory.java:109] - Logging initialized using 'class org.apache.ibatis.logging.slf4j.Slf4jImpl' adapter.
2023-02-23 13:06:41,077 DEBUG [main][LogFactory.java:109] - Logging initialized using 'class org.apache.ibatis.logging.slf4j.Slf4jImpl' adapter.
2023-02-23 13:06:41,132 INFO [main][DirectJDKLog.java:173] - Starting ProtocolHandler ["http-nio-1001"]
2023-02-23 13:06:41,132 INFO [main][DirectJDKLog.java:173] - Starting ProtocolHandler ["http-nio-1001"]
2023-02-23 13:06:41,145 INFO [main][TomcatWebServer.java:220] - Tomcat started on port(s): 1001 (http) with context path ''
2023-02-23 13:06:41,145 INFO [main][TomcatWebServer.java:220] - Tomcat started on port(s): 1001 (http) with context path ''
2023-02-23 13:06:41,152 INFO [main][StartupInfoLogger.java:61] - Started ContentApiApplication in 4.158 seconds (JVM running for 5.22)
2023-02-23 13:06:41,152 INFO [main][StartupInfoLogger.java:61] - Started ContentApiApplication in 4.158 seconds (JVM running for 5.22)
2023-02-23 13:06:44,200 INFO [http-nio-1001-exec-1][DirectJDKLog.java:173] - Initializing Spring DispatcherServlet 'dispatcherServlet'
2023-02-23 13:06:44,200 INFO [http-nio-1001-exec-1][DirectJDKLog.java:173] - Initializing Spring DispatcherServlet 'dispatcherServlet'
2023-02-23 13:06:44,201 INFO [http-nio-1001-exec-1][FrameworkServlet.java:525] - Initializing Servlet 'dispatcherServlet'
2023-02-23 13:06:44,201 INFO [http-nio-1001-exec-1][FrameworkServlet.java:525] - Initializing Servlet 'dispatcherServlet'
2023-02-23 13:06:44,201 INFO [http-nio-1001-exec-1][FrameworkServlet.java:547] - Completed initialization in 0 ms
2023-02-23 13:06:44,201 INFO [http-nio-1001-exec-1][FrameworkServlet.java:547] - Completed initialization in 0 ms
2023-02-23 13:06:44,530 DEBUG [http-nio-1001-exec-3][ModelConverterContextImpl.java:90] - resolve class com.zkc.xcplus.base.model.PageParams
2023-02-23 13:06:44,530 DEBUG [http-nio-1001-exec-3][ModelConverterContextImpl.java:90] - resolve class com.zkc.xcplus.base.model.PageParams
2023-02-23 13:06:44,533 DEBUG [http-nio-1001-exec-3][ModelConverterContextImpl.java:90] - resolve [simple type, class java.lang.Long]
2023-02-23 13:06:44,533 DEBUG [http-nio-1001-exec-3][ModelConverterContextImpl.java:90] - resolve [simple type, class java.lang.Long]
2023-02-23 13:06:44,546 DEBUG [http-nio-1001-exec-3][ModelConverterContextImpl.java:90] - resolve [simple type, class java.lang.Long]
2023-02-23 13:06:44,546 DEBUG [http-nio-1001-exec-3][ModelConverterContextImpl.java:90] - resolve [simple type, class java.lang.Long]
2023-02-23 13:06:44,550 DEBUG [http-nio-1001-exec-3][ModelConverterContextImpl.java:90] - resolve class com.zkc.xcplus.content.model.dto.CourseQueryParamsDto
2023-02-23 13:06:44,550 DEBUG [http-nio-1001-exec-3][ModelConverterContextImpl.java:90] - resolve class com.zkc.xcplus.content.model.dto.CourseQueryParamsDto
2023-02-23 13:06:44,551 DEBUG [http-nio-1001-exec-3][ModelConverterContextImpl.java:90] - resolve [simple type, class java.lang.String]
2023-02-23 13:06:44,551 DEBUG [http-nio-1001-exec-3][ModelConverterContextImpl.java:90] - resolve [simple type, class java.lang.String]
2023-02-23 13:06:44,555 DEBUG [http-nio-1001-exec-3][ModelConverterContextImpl.java:90] - resolve [simple type, class java.lang.String]
2023-02-23 13:06:44,555 DEBUG [http-nio-1001-exec-3][ModelConverterContextImpl.java:90] - resolve [simple type, class java.lang.String]
2023-02-23 13:06:44,555 DEBUG [http-nio-1001-exec-3][ModelConverterContextImpl.java:90] - resolve [simple type, class java.lang.String]
2023-02-23 13:06:44,555 DEBUG [http-nio-1001-exec-3][ModelConverterContextImpl.java:90] - resolve [simple type, class java.lang.String]
2023-02-23 13:06:44,560 DEBUG [http-nio-1001-exec-3][ModelConverterContextImpl.java:90] - resolve com.zkc.xcplus.base.model.PageResult<com.zkc.xcplus.content.model.po.CourseBase>
2023-02-23 13:06:44,560 DEBUG [http-nio-1001-exec-3][ModelConverterContextImpl.java:90] - resolve com.zkc.xcplus.base.model.PageResult<com.zkc.xcplus.content.model.po.CourseBase>
2023-02-23 13:06:44,562 DEBUG [http-nio-1001-exec-3][ModelConverterContextImpl.java:90] - resolve [collection type; class java.util.List, contains [simple type, class com.zkc.xcplus.content.model.po.CourseBase]]
2023-02-23 13:06:44,562 DEBUG [http-nio-1001-exec-3][ModelConverterContextImpl.java:90] - resolve [collection type; class java.util.List, contains [simple type, class com.zkc.xcplus.content.model.po.CourseBase]]
2023-02-23 13:06:44,564 DEBUG [http-nio-1001-exec-3][ModelConverterContextImpl.java:90] - resolve [simple type, class com.zkc.xcplus.content.model.po.CourseBase]
2023-02-23 13:06:44,564 DEBUG [http-nio-1001-exec-3][ModelConverterContextImpl.java:90] - resolve [simple type, class com.zkc.xcplus.content.model.po.CourseBase]
2023-02-23 13:06:44,569 DEBUG [http-nio-1001-exec-3][ModelConverterContextImpl.java:90] - resolve [simple type, class java.lang.Long]
2023-02-23 13:06:44,569 DEBUG [http-nio-1001-exec-3][ModelConverterContextImpl.java:90] - resolve [simple type, class java.lang.Long]
2023-02-23 13:06:44,570 DEBUG [http-nio-1001-exec-3][ModelConverterContextImpl.java:90] - resolve [simple type, class java.lang.Long]
2023-02-23 13:06:44,570 DEBUG [http-nio-1001-exec-3][ModelConverterContextImpl.java:90] - resolve [simple type, class java.lang.Long]
2023-02-23 13:06:44,571 DEBUG [http-nio-1001-exec-3][ModelConverterContextImpl.java:90] - resolve [simple type, class java.lang.String]
2023-02-23 13:06:44,571 DEBUG [http-nio-1001-exec-3][ModelConverterContextImpl.java:90] - resolve [simple type, class java.lang.String]
2023-02-23 13:06:44,572 DEBUG [http-nio-1001-exec-3][ModelConverterContextImpl.java:90] - resolve [simple type, class java.lang.String]
2023-02-23 13:06:44,572 DEBUG [http-nio-1001-exec-3][ModelConverterContextImpl.java:90] - resolve [simple type, class java.lang.String]
2023-02-23 13:06:44,573 DEBUG [http-nio-1001-exec-3][ModelConverterContextImpl.java:90] - resolve [simple type, class java.lang.String]
2023-02-23 13:06:44,573 DEBUG [http-nio-1001-exec-3][ModelConverterContextImpl.java:90] - resolve [simple type, class java.lang.String]
2023-02-23 13:06:44,574 DEBUG [http-nio-1001-exec-3][ModelConverterContextImpl.java:90] - resolve [simple type, class java.lang.String]
2023-02-23 13:06:44,574 DEBUG [http-nio-1001-exec-3][ModelConverterContextImpl.java:90] - resolve [simple type, class java.lang.String]
2023-02-23 13:06:44,575 DEBUG [http-nio-1001-exec-3][ModelConverterContextImpl.java:90] - resolve [simple type, class java.lang.String]
2023-02-23 13:06:44,575 DEBUG [http-nio-1001-exec-3][ModelConverterContextImpl.java:90] - resolve [simple type, class java.lang.String]
2023-02-23 13:06:44,576 DEBUG [http-nio-1001-exec-3][ModelConverterContextImpl.java:90] - resolve [simple type, class java.lang.String]
2023-02-23 13:06:44,576 DEBUG [http-nio-1001-exec-3][ModelConverterContextImpl.java:90] - resolve [simple type, class java.lang.String]
2023-02-23 13:06:44,576 DEBUG [http-nio-1001-exec-3][ModelConverterContextImpl.java:90] - resolve [simple type, class java.lang.String]
2023-02-23 13:06:44,576 DEBUG [http-nio-1001-exec-3][ModelConverterContextImpl.java:90] - resolve [simple type, class java.lang.String]
2023-02-23 13:06:44,577 DEBUG [http-nio-1001-exec-3][ModelConverterContextImpl.java:90] - resolve [simple type, class java.lang.String]
2023-02-23 13:06:44,577 DEBUG [http-nio-1001-exec-3][ModelConverterContextImpl.java:90] - resolve [simple type, class java.lang.String]
2023-02-23 13:06:44,578 DEBUG [http-nio-1001-exec-3][ModelConverterContextImpl.java:90] - resolve [simple type, class java.lang.String]
2023-02-23 13:06:44,578 DEBUG [http-nio-1001-exec-3][ModelConverterContextImpl.java:90] - resolve [simple type, class java.lang.String]
2023-02-23 13:06:44,581 DEBUG [http-nio-1001-exec-3][ModelConverterContextImpl.java:90] - resolve [simple type, class java.lang.String]
2023-02-23 13:06:44,581 DEBUG [http-nio-1001-exec-3][ModelConverterContextImpl.java:90] - resolve [simple type, class java.lang.String]
2023-02-23 13:06:44,582 DEBUG [http-nio-1001-exec-3][ModelConverterContextImpl.java:90] - resolve [simple type, class java.time.LocalDateTime]
2023-02-23 13:06:44,582 DEBUG [http-nio-1001-exec-3][ModelConverterContextImpl.java:90] - resolve [simple type, class java.time.LocalDateTime]
2023-02-23 13:06:44,587 DEBUG [http-nio-1001-exec-3][ModelConverterContextImpl.java:90] - resolve [simple type, class java.time.LocalDateTime]
2023-02-23 13:06:44,587 DEBUG [http-nio-1001-exec-3][ModelConverterContextImpl.java:90] - resolve [simple type, class java.time.LocalDateTime]
2023-02-23 13:06:44,588 DEBUG [http-nio-1001-exec-3][ModelConverterContextImpl.java:90] - resolve [simple type, class java.lang.String]
2023-02-23 13:06:44,588 DEBUG [http-nio-1001-exec-3][ModelConverterContextImpl.java:90] - resolve [simple type, class java.lang.String]
2023-02-23 13:06:44,589 DEBUG [http-nio-1001-exec-3][ModelConverterContextImpl.java:90] - resolve [simple type, class java.lang.String]
2023-02-23 13:06:44,589 DEBUG [http-nio-1001-exec-3][ModelConverterContextImpl.java:90] - resolve [simple type, class java.lang.String]
2023-02-23 13:06:44,590 DEBUG [http-nio-1001-exec-3][ModelConverterContextImpl.java:90] - resolve [simple type, class java.lang.String]
2023-02-23 13:06:44,590 DEBUG [http-nio-1001-exec-3][ModelConverterContextImpl.java:90] - resolve [simple type, class java.lang.String]
2023-02-23 13:06:44,591 DEBUG [http-nio-1001-exec-3][ModelConverterContextImpl.java:90] - resolve [simple type, class java.lang.String]
2023-02-23 13:06:44,591 DEBUG [http-nio-1001-exec-3][ModelConverterContextImpl.java:90] - resolve [simple type, class java.lang.String]
2023-02-23 13:06:44,597 DEBUG [http-nio-1001-exec-3][ModelConverterContextImpl.java:90] - resolve [simple type, class long]
2023-02-23 13:06:44,597 DEBUG [http-nio-1001-exec-3][ModelConverterContextImpl.java:90] - resolve [simple type, class long]
2023-02-23 13:06:44,598 DEBUG [http-nio-1001-exec-3][ModelConverterContextImpl.java:90] - resolve [simple type, class long]
2023-02-23 13:06:44,598 DEBUG [http-nio-1001-exec-3][ModelConverterContextImpl.java:90] - resolve [simple type, class long]
2023-02-23 13:06:44,598 DEBUG [http-nio-1001-exec-3][ModelConverterContextImpl.java:90] - resolve [simple type, class long]
2023-02-23 13:06:44,598 DEBUG [http-nio-1001-exec-3][ModelConverterContextImpl.java:90] - resolve [simple type, class long]
2023-02-23 13:06:44,605 INFO [http-nio-1001-exec-3][AbstractOpenApiResource.java:359] - Init duration for springdoc-openapi is: 198 ms
2023-02-23 13:06:44,605 INFO [http-nio-1001-exec-3][AbstractOpenApiResource.java:359] - Init duration for springdoc-openapi is: 198 ms
2023-02-23 13:08:16,359 INFO [main][StartupInfoLogger.java:55] - Starting ContentApiApplication using Java 1.8.0_301 on PZZKC with PID 11304 (D:\Java\ideaProjects\xcplus\xcplus-content\xcplus-content-api\target\classes started by pczkc in D:\Java\ideaProjects\xcplus)
2023-02-23 13:08:16,359 INFO [main][StartupInfoLogger.java:55] - Starting ContentApiApplication using Java 1.8.0_301 on PZZKC with PID 11304 (D:\Java\ideaProjects\xcplus\xcplus-content\xcplus-content-api\target\classes started by pczkc in D:\Java\ideaProjects\xcplus)
2023-02-23 13:08:16,368 DEBUG [main][StartupInfoLogger.java:56] - Running with Spring Boot v2.7.8, Spring v5.3.25
2023-02-23 13:08:16,368 DEBUG [main][StartupInfoLogger.java:56] - Running with Spring Boot v2.7.8, Spring v5.3.25
2023-02-23 13:08:16,369 INFO [main][SpringApplication.java:631] - No active profile set, falling back to 1 default profile: "default"
2023-02-23 13:08:16,369 INFO [main][SpringApplication.java:631] - No active profile set, falling back to 1 default profile: "default"
2023-02-23 13:08:17,011 INFO [main][TomcatWebServer.java:108] - Tomcat initialized with port(s): 1001 (http)
2023-02-23 13:08:17,011 INFO [main][TomcatWebServer.java:108] - Tomcat initialized with port(s): 1001 (http)
2023-02-23 13:08:17,024 INFO [main][DirectJDKLog.java:173] - Initializing ProtocolHandler ["http-nio-1001"]
2023-02-23 13:08:17,024 INFO [main][DirectJDKLog.java:173] - Initializing ProtocolHandler ["http-nio-1001"]
2023-02-23 13:08:17,024 INFO [main][DirectJDKLog.java:173] - Starting service [Tomcat]
2023-02-23 13:08:17,024 INFO [main][DirectJDKLog.java:173] - Starting service [Tomcat]
2023-02-23 13:08:17,024 INFO [main][DirectJDKLog.java:173] - Starting Servlet engine: [Apache Tomcat/9.0.71]
2023-02-23 13:08:17,024 INFO [main][DirectJDKLog.java:173] - Starting Servlet engine: [Apache Tomcat/9.0.71]
2023-02-23 13:08:17,119 INFO [main][DirectJDKLog.java:173] - Initializing Spring embedded WebApplicationContext
2023-02-23 13:08:17,119 INFO [main][DirectJDKLog.java:173] - Initializing Spring embedded WebApplicationContext
2023-02-23 13:08:17,119 INFO [main][ServletWebServerApplicationContext.java:292] - Root WebApplicationContext: initialization completed in 720 ms
2023-02-23 13:08:17,119 INFO [main][ServletWebServerApplicationContext.java:292] - Root WebApplicationContext: initialization completed in 720 ms
2023-02-23 13:08:18,779 DEBUG [main][AbstractHandlerMethodMapping.java:295] - 
	c.z.x.c.a.c.CourseBaseController:
	{POST [/coursebase/list]}: list(PageParams,CourseQueryParamsDto)
2023-02-23 13:08:18,779 DEBUG [main][AbstractHandlerMethodMapping.java:295] - 
	c.z.x.c.a.c.CourseBaseController:
	{POST [/coursebase/list]}: list(PageParams,CourseQueryParamsDto)
2023-02-23 13:08:18,782 DEBUG [main][AbstractHandlerMethodMapping.java:295] - 
	o.s.b.a.w.s.e.BasicErrorController:
	{ [/error], produces [text/html]}: errorHtml(HttpServletRequest,HttpServletResponse)
	{ [/error]}: error(HttpServletRequest)
2023-02-23 13:08:18,782 DEBUG [main][AbstractHandlerMethodMapping.java:295] - 
	o.s.b.a.w.s.e.BasicErrorController:
	{ [/error], produces [text/html]}: errorHtml(HttpServletRequest,HttpServletResponse)
	{ [/error]}: error(HttpServletRequest)
2023-02-23 13:08:18,793 DEBUG [main][AbstractHandlerMethodMapping.java:295] - 
	o.s.w.a.OpenApiWebMvcResource:
	{GET [/v3/api-docs.yaml], produces [application/vnd.oai.openapi]}: openapiYaml(HttpServletRequest,String,Locale)
	{GET [/v3/api-docs], produces [application/json]}: openapiJson(HttpServletRequest,String,Locale)
2023-02-23 13:08:18,793 DEBUG [main][AbstractHandlerMethodMapping.java:295] - 
	o.s.w.a.OpenApiWebMvcResource:
	{GET [/v3/api-docs.yaml], produces [application/vnd.oai.openapi]}: openapiYaml(HttpServletRequest,String,Locale)
	{GET [/v3/api-docs], produces [application/json]}: openapiJson(HttpServletRequest,String,Locale)
2023-02-23 13:08:18,794 DEBUG [main][AbstractHandlerMethodMapping.java:295] - 
	o.s.w.u.SwaggerWelcomeWebMvc:
	{GET [/swagger-ui.html]}: redirectToUi(HttpServletRequest)
2023-02-23 13:08:18,794 DEBUG [main][AbstractHandlerMethodMapping.java:295] - 
	o.s.w.u.SwaggerWelcomeWebMvc:
	{GET [/swagger-ui.html]}: redirectToUi(HttpServletRequest)
2023-02-23 13:08:18,794 DEBUG [main][AbstractHandlerMethodMapping.java:295] - 
	o.s.w.u.SwaggerConfigResource:
	{GET [/v3/api-docs/swagger-config], produces [application/json]}: openapiJson(HttpServletRequest)
2023-02-23 13:08:18,794 DEBUG [main][AbstractHandlerMethodMapping.java:295] - 
	o.s.w.u.SwaggerConfigResource:
	{GET [/v3/api-docs/swagger-config], produces [application/json]}: openapiJson(HttpServletRequest)
2023-02-23 13:08:18,799 DEBUG [main][AbstractDetectingUrlHandlerMapping.java:86] - 'beanNameHandlerMapping' {}
2023-02-23 13:08:18,799 DEBUG [main][AbstractDetectingUrlHandlerMapping.java:86] - 'beanNameHandlerMapping' {}
2023-02-23 13:08:18,981 DEBUG [main][SimpleUrlHandlerMapping.java:177] - 'resourceHandlerMapping' {/webjars/**=ResourceHttpRequestHandler [classpath [META-INF/resources/webjars/]], /**=ResourceHttpRequestHandler [classpath [META-INF/resources/], classpath [resources/], classpath [static/], classpath [public/], ServletContext [/]], /swagger-ui*/**=ResourceHttpRequestHandler [classpath [META-INF/resources/webjars/]]}
2023-02-23 13:08:18,981 DEBUG [main][SimpleUrlHandlerMapping.java:177] - 'resourceHandlerMapping' {/webjars/**=ResourceHttpRequestHandler [classpath [META-INF/resources/webjars/]], /**=ResourceHttpRequestHandler [classpath [META-INF/resources/], classpath [resources/], classpath [static/], classpath [public/], ServletContext [/]], /swagger-ui*/**=ResourceHttpRequestHandler [classpath [META-INF/resources/webjars/]]}
2023-02-23 13:08:19,004 DEBUG [main][LogFactory.java:109] - Logging initialized using 'class org.apache.ibatis.logging.slf4j.Slf4jImpl' adapter.
2023-02-23 13:08:19,004 DEBUG [main][LogFactory.java:109] - Logging initialized using 'class org.apache.ibatis.logging.slf4j.Slf4jImpl' adapter.
2023-02-23 13:08:19,059 INFO [main][DirectJDKLog.java:173] - Starting ProtocolHandler ["http-nio-1001"]
2023-02-23 13:08:19,059 INFO [main][DirectJDKLog.java:173] - Starting ProtocolHandler ["http-nio-1001"]
2023-02-23 13:08:19,073 INFO [main][TomcatWebServer.java:220] - Tomcat started on port(s): 1001 (http) with context path ''
2023-02-23 13:08:19,073 INFO [main][TomcatWebServer.java:220] - Tomcat started on port(s): 1001 (http) with context path ''
2023-02-23 13:08:19,080 INFO [main][StartupInfoLogger.java:61] - Started ContentApiApplication in 3.112 seconds (JVM running for 4.148)
2023-02-23 13:08:19,080 INFO [main][StartupInfoLogger.java:61] - Started ContentApiApplication in 3.112 seconds (JVM running for 4.148)
2023-02-23 13:08:21,790 INFO [http-nio-1001-exec-1][DirectJDKLog.java:173] - Initializing Spring DispatcherServlet 'dispatcherServlet'
2023-02-23 13:08:21,790 INFO [http-nio-1001-exec-1][DirectJDKLog.java:173] - Initializing Spring DispatcherServlet 'dispatcherServlet'
2023-02-23 13:08:21,790 INFO [http-nio-1001-exec-1][FrameworkServlet.java:525] - Initializing Servlet 'dispatcherServlet'
2023-02-23 13:08:21,790 INFO [http-nio-1001-exec-1][FrameworkServlet.java:525] - Initializing Servlet 'dispatcherServlet'
2023-02-23 13:08:21,791 INFO [http-nio-1001-exec-1][FrameworkServlet.java:547] - Completed initialization in 1 ms
2023-02-23 13:08:21,791 INFO [http-nio-1001-exec-1][FrameworkServlet.java:547] - Completed initialization in 1 ms
2023-02-23 13:08:22,152 DEBUG [http-nio-1001-exec-3][ModelConverterContextImpl.java:90] - resolve class com.zkc.xcplus.base.model.PageParams
2023-02-23 13:08:22,152 DEBUG [http-nio-1001-exec-3][ModelConverterContextImpl.java:90] - resolve class com.zkc.xcplus.base.model.PageParams
2023-02-23 13:08:22,156 DEBUG [http-nio-1001-exec-3][ModelConverterContextImpl.java:90] - resolve [simple type, class java.lang.Long]
2023-02-23 13:08:22,156 DEBUG [http-nio-1001-exec-3][ModelConverterContextImpl.java:90] - resolve [simple type, class java.lang.Long]
2023-02-23 13:08:22,167 DEBUG [http-nio-1001-exec-3][ModelConverterContextImpl.java:90] - resolve [simple type, class java.lang.Long]
2023-02-23 13:08:22,167 DEBUG [http-nio-1001-exec-3][ModelConverterContextImpl.java:90] - resolve [simple type, class java.lang.Long]
2023-02-23 13:08:22,171 DEBUG [http-nio-1001-exec-3][ModelConverterContextImpl.java:90] - resolve class com.zkc.xcplus.content.model.dto.CourseQueryParamsDto
2023-02-23 13:08:22,171 DEBUG [http-nio-1001-exec-3][ModelConverterContextImpl.java:90] - resolve class com.zkc.xcplus.content.model.dto.CourseQueryParamsDto
2023-02-23 13:08:22,172 DEBUG [http-nio-1001-exec-3][ModelConverterContextImpl.java:90] - resolve [simple type, class java.lang.String]
2023-02-23 13:08:22,172 DEBUG [http-nio-1001-exec-3][ModelConverterContextImpl.java:90] - resolve [simple type, class java.lang.String]
2023-02-23 13:08:22,175 DEBUG [http-nio-1001-exec-3][ModelConverterContextImpl.java:90] - resolve [simple type, class java.lang.String]
2023-02-23 13:08:22,175 DEBUG [http-nio-1001-exec-3][ModelConverterContextImpl.java:90] - resolve [simple type, class java.lang.String]
2023-02-23 13:08:22,176 DEBUG [http-nio-1001-exec-3][ModelConverterContextImpl.java:90] - resolve [simple type, class java.lang.String]
2023-02-23 13:08:22,176 DEBUG [http-nio-1001-exec-3][ModelConverterContextImpl.java:90] - resolve [simple type, class java.lang.String]
2023-02-23 13:08:22,180 DEBUG [http-nio-1001-exec-3][ModelConverterContextImpl.java:90] - resolve com.zkc.xcplus.base.model.PageResult<com.zkc.xcplus.content.model.po.CourseBase>
2023-02-23 13:08:22,180 DEBUG [http-nio-1001-exec-3][ModelConverterContextImpl.java:90] - resolve com.zkc.xcplus.base.model.PageResult<com.zkc.xcplus.content.model.po.CourseBase>
2023-02-23 13:08:22,182 DEBUG [http-nio-1001-exec-3][ModelConverterContextImpl.java:90] - resolve [collection type; class java.util.List, contains [simple type, class com.zkc.xcplus.content.model.po.CourseBase]]
2023-02-23 13:08:22,182 DEBUG [http-nio-1001-exec-3][ModelConverterContextImpl.java:90] - resolve [collection type; class java.util.List, contains [simple type, class com.zkc.xcplus.content.model.po.CourseBase]]
2023-02-23 13:08:22,184 DEBUG [http-nio-1001-exec-3][ModelConverterContextImpl.java:90] - resolve [simple type, class com.zkc.xcplus.content.model.po.CourseBase]
2023-02-23 13:08:22,184 DEBUG [http-nio-1001-exec-3][ModelConverterContextImpl.java:90] - resolve [simple type, class com.zkc.xcplus.content.model.po.CourseBase]
2023-02-23 13:08:22,190 DEBUG [http-nio-1001-exec-3][ModelConverterContextImpl.java:90] - resolve [simple type, class java.lang.Long]
2023-02-23 13:08:22,190 DEBUG [http-nio-1001-exec-3][ModelConverterContextImpl.java:90] - resolve [simple type, class java.lang.Long]
2023-02-23 13:08:22,191 DEBUG [http-nio-1001-exec-3][ModelConverterContextImpl.java:90] - resolve [simple type, class java.lang.Long]
2023-02-23 13:08:22,191 DEBUG [http-nio-1001-exec-3][ModelConverterContextImpl.java:90] - resolve [simple type, class java.lang.Long]
2023-02-23 13:08:22,192 DEBUG [http-nio-1001-exec-3][ModelConverterContextImpl.java:90] - resolve [simple type, class java.lang.String]
2023-02-23 13:08:22,192 DEBUG [http-nio-1001-exec-3][ModelConverterContextImpl.java:90] - resolve [simple type, class java.lang.String]
2023-02-23 13:08:22,193 DEBUG [http-nio-1001-exec-3][ModelConverterContextImpl.java:90] - resolve [simple type, class java.lang.String]
2023-02-23 13:08:22,193 DEBUG [http-nio-1001-exec-3][ModelConverterContextImpl.java:90] - resolve [simple type, class java.lang.String]
2023-02-23 13:08:22,194 DEBUG [http-nio-1001-exec-3][ModelConverterContextImpl.java:90] - resolve [simple type, class java.lang.String]
2023-02-23 13:08:22,194 DEBUG [http-nio-1001-exec-3][ModelConverterContextImpl.java:90] - resolve [simple type, class java.lang.String]
2023-02-23 13:08:22,195 DEBUG [http-nio-1001-exec-3][ModelConverterContextImpl.java:90] - resolve [simple type, class java.lang.String]
2023-02-23 13:08:22,195 DEBUG [http-nio-1001-exec-3][ModelConverterContextImpl.java:90] - resolve [simple type, class java.lang.String]
2023-02-23 13:08:22,195 DEBUG [http-nio-1001-exec-3][ModelConverterContextImpl.java:90] - resolve [simple type, class java.lang.String]
2023-02-23 13:08:22,195 DEBUG [http-nio-1001-exec-3][ModelConverterContextImpl.java:90] - resolve [simple type, class java.lang.String]
2023-02-23 13:08:22,196 DEBUG [http-nio-1001-exec-3][ModelConverterContextImpl.java:90] - resolve [simple type, class java.lang.String]
2023-02-23 13:08:22,196 DEBUG [http-nio-1001-exec-3][ModelConverterContextImpl.java:90] - resolve [simple type, class java.lang.String]
2023-02-23 13:08:22,197 DEBUG [http-nio-1001-exec-3][ModelConverterContextImpl.java:90] - resolve [simple type, class java.lang.String]
2023-02-23 13:08:22,197 DEBUG [http-nio-1001-exec-3][ModelConverterContextImpl.java:90] - resolve [simple type, class java.lang.String]
2023-02-23 13:08:22,197 DEBUG [http-nio-1001-exec-3][ModelConverterContextImpl.java:90] - resolve [simple type, class java.lang.String]
2023-02-23 13:08:22,197 DEBUG [http-nio-1001-exec-3][ModelConverterContextImpl.java:90] - resolve [simple type, class java.lang.String]
2023-02-23 13:08:22,199 DEBUG [http-nio-1001-exec-3][ModelConverterContextImpl.java:90] - resolve [simple type, class java.lang.String]
2023-02-23 13:08:22,199 DEBUG [http-nio-1001-exec-3][ModelConverterContextImpl.java:90] - resolve [simple type, class java.lang.String]
2023-02-23 13:08:22,203 DEBUG [http-nio-1001-exec-3][ModelConverterContextImpl.java:90] - resolve [simple type, class java.lang.String]
2023-02-23 13:08:22,203 DEBUG [http-nio-1001-exec-3][ModelConverterContextImpl.java:90] - resolve [simple type, class java.lang.String]
2023-02-23 13:08:22,204 DEBUG [http-nio-1001-exec-3][ModelConverterContextImpl.java:90] - resolve [simple type, class java.time.LocalDateTime]
2023-02-23 13:08:22,204 DEBUG [http-nio-1001-exec-3][ModelConverterContextImpl.java:90] - resolve [simple type, class java.time.LocalDateTime]
2023-02-23 13:08:22,209 DEBUG [http-nio-1001-exec-3][ModelConverterContextImpl.java:90] - resolve [simple type, class java.time.LocalDateTime]
2023-02-23 13:08:22,209 DEBUG [http-nio-1001-exec-3][ModelConverterContextImpl.java:90] - resolve [simple type, class java.time.LocalDateTime]
2023-02-23 13:08:22,209 DEBUG [http-nio-1001-exec-3][ModelConverterContextImpl.java:90] - resolve [simple type, class java.lang.String]
2023-02-23 13:08:22,209 DEBUG [http-nio-1001-exec-3][ModelConverterContextImpl.java:90] - resolve [simple type, class java.lang.String]
2023-02-23 13:08:22,210 DEBUG [http-nio-1001-exec-3][ModelConverterContextImpl.java:90] - resolve [simple type, class java.lang.String]
2023-02-23 13:08:22,210 DEBUG [http-nio-1001-exec-3][ModelConverterContextImpl.java:90] - resolve [simple type, class java.lang.String]
2023-02-23 13:08:22,211 DEBUG [http-nio-1001-exec-3][ModelConverterContextImpl.java:90] - resolve [simple type, class java.lang.String]
2023-02-23 13:08:22,211 DEBUG [http-nio-1001-exec-3][ModelConverterContextImpl.java:90] - resolve [simple type, class java.lang.String]
2023-02-23 13:08:22,211 DEBUG [http-nio-1001-exec-3][ModelConverterContextImpl.java:90] - resolve [simple type, class java.lang.String]
2023-02-23 13:08:22,211 DEBUG [http-nio-1001-exec-3][ModelConverterContextImpl.java:90] - resolve [simple type, class java.lang.String]
2023-02-23 13:08:22,216 DEBUG [http-nio-1001-exec-3][ModelConverterContextImpl.java:90] - resolve [simple type, class long]
2023-02-23 13:08:22,216 DEBUG [http-nio-1001-exec-3][ModelConverterContextImpl.java:90] - resolve [simple type, class long]
2023-02-23 13:08:22,216 DEBUG [http-nio-1001-exec-3][ModelConverterContextImpl.java:90] - resolve [simple type, class long]
2023-02-23 13:08:22,216 DEBUG [http-nio-1001-exec-3][ModelConverterContextImpl.java:90] - resolve [simple type, class long]
2023-02-23 13:08:22,217 DEBUG [http-nio-1001-exec-3][ModelConverterContextImpl.java:90] - resolve [simple type, class long]
2023-02-23 13:08:22,217 DEBUG [http-nio-1001-exec-3][ModelConverterContextImpl.java:90] - resolve [simple type, class long]
2023-02-23 13:08:22,224 INFO [http-nio-1001-exec-3][AbstractOpenApiResource.java:359] - Init duration for springdoc-openapi is: 204 ms
2023-02-23 13:08:22,224 INFO [http-nio-1001-exec-3][AbstractOpenApiResource.java:359] - Init duration for springdoc-openapi is: 204 ms
2023-02-23 13:11:07,503 INFO [main][StartupInfoLogger.java:55] - Starting ContentApiApplication using Java 1.8.0_301 on PZZKC with PID 10860 (D:\Java\ideaProjects\xcplus\xcplus-content\xcplus-content-api\target\classes started by pczkc in D:\Java\ideaProjects\xcplus)
2023-02-23 13:11:07,503 INFO [main][StartupInfoLogger.java:55] - Starting ContentApiApplication using Java 1.8.0_301 on PZZKC with PID 10860 (D:\Java\ideaProjects\xcplus\xcplus-content\xcplus-content-api\target\classes started by pczkc in D:\Java\ideaProjects\xcplus)
2023-02-23 13:11:07,511 DEBUG [main][StartupInfoLogger.java:56] - Running with Spring Boot v2.7.8, Spring v5.3.25
2023-02-23 13:11:07,511 DEBUG [main][StartupInfoLogger.java:56] - Running with Spring Boot v2.7.8, Spring v5.3.25
2023-02-23 13:11:07,512 INFO [main][SpringApplication.java:631] - No active profile set, falling back to 1 default profile: "default"
2023-02-23 13:11:07,512 INFO [main][SpringApplication.java:631] - No active profile set, falling back to 1 default profile: "default"
2023-02-23 13:11:08,170 INFO [main][TomcatWebServer.java:108] - Tomcat initialized with port(s): 1001 (http)
2023-02-23 13:11:08,170 INFO [main][TomcatWebServer.java:108] - Tomcat initialized with port(s): 1001 (http)
2023-02-23 13:11:08,184 INFO [main][DirectJDKLog.java:173] - Initializing ProtocolHandler ["http-nio-1001"]
2023-02-23 13:11:08,184 INFO [main][DirectJDKLog.java:173] - Initializing ProtocolHandler ["http-nio-1001"]
2023-02-23 13:11:08,185 INFO [main][DirectJDKLog.java:173] - Starting service [Tomcat]
2023-02-23 13:11:08,185 INFO [main][DirectJDKLog.java:173] - Starting service [Tomcat]
2023-02-23 13:11:08,185 INFO [main][DirectJDKLog.java:173] - Starting Servlet engine: [Apache Tomcat/9.0.71]
2023-02-23 13:11:08,185 INFO [main][DirectJDKLog.java:173] - Starting Servlet engine: [Apache Tomcat/9.0.71]
2023-02-23 13:11:08,283 INFO [main][DirectJDKLog.java:173] - Initializing Spring embedded WebApplicationContext
2023-02-23 13:11:08,283 INFO [main][DirectJDKLog.java:173] - Initializing Spring embedded WebApplicationContext
2023-02-23 13:11:08,283 INFO [main][ServletWebServerApplicationContext.java:292] - Root WebApplicationContext: initialization completed in 740 ms
2023-02-23 13:11:08,283 INFO [main][ServletWebServerApplicationContext.java:292] - Root WebApplicationContext: initialization completed in 740 ms
2023-02-23 13:11:08,562 DEBUG [main][AbstractHandlerMethodMapping.java:295] - 
	c.z.x.c.a.c.CourseBaseController:
	{POST [/coursebase/list]}: list(PageParams,CourseQueryParamsDto)
2023-02-23 13:11:08,562 DEBUG [main][AbstractHandlerMethodMapping.java:295] - 
	c.z.x.c.a.c.CourseBaseController:
	{POST [/coursebase/list]}: list(PageParams,CourseQueryParamsDto)
2023-02-23 13:11:08,565 DEBUG [main][AbstractHandlerMethodMapping.java:295] - 
	o.s.b.a.w.s.e.BasicErrorController:
	{ [/error]}: error(HttpServletRequest)
	{ [/error], produces [text/html]}: errorHtml(HttpServletRequest,HttpServletResponse)
2023-02-23 13:11:08,565 DEBUG [main][AbstractHandlerMethodMapping.java:295] - 
	o.s.b.a.w.s.e.BasicErrorController:
	{ [/error]}: error(HttpServletRequest)
	{ [/error], produces [text/html]}: errorHtml(HttpServletRequest,HttpServletResponse)
2023-02-23 13:11:08,577 DEBUG [main][AbstractHandlerMethodMapping.java:295] - 
	o.s.w.a.OpenApiWebMvcResource:
	{GET [/v3/api-docs], produces [application/json]}: openapiJson(HttpServletRequest,String,Locale)
	{GET [/v3/api-docs.yaml], produces [application/vnd.oai.openapi]}: openapiYaml(HttpServletRequest,String,Locale)
2023-02-23 13:11:08,577 DEBUG [main][AbstractHandlerMethodMapping.java:295] - 
	o.s.w.a.OpenApiWebMvcResource:
	{GET [/v3/api-docs], produces [application/json]}: openapiJson(HttpServletRequest,String,Locale)
	{GET [/v3/api-docs.yaml], produces [application/vnd.oai.openapi]}: openapiYaml(HttpServletRequest,String,Locale)
2023-02-23 13:11:08,578 DEBUG [main][AbstractHandlerMethodMapping.java:295] - 
	o.s.w.u.SwaggerWelcomeWebMvc:
	{GET [/swagger-ui.html]}: redirectToUi(HttpServletRequest)
2023-02-23 13:11:08,578 DEBUG [main][AbstractHandlerMethodMapping.java:295] - 
	o.s.w.u.SwaggerWelcomeWebMvc:
	{GET [/swagger-ui.html]}: redirectToUi(HttpServletRequest)
2023-02-23 13:11:08,578 DEBUG [main][AbstractHandlerMethodMapping.java:295] - 
	o.s.w.u.SwaggerConfigResource:
	{GET [/v3/api-docs/swagger-config], produces [application/json]}: openapiJson(HttpServletRequest)
2023-02-23 13:11:08,578 DEBUG [main][AbstractHandlerMethodMapping.java:295] - 
	o.s.w.u.SwaggerConfigResource:
	{GET [/v3/api-docs/swagger-config], produces [application/json]}: openapiJson(HttpServletRequest)
2023-02-23 13:11:08,582 DEBUG [main][AbstractDetectingUrlHandlerMapping.java:86] - 'beanNameHandlerMapping' {}
2023-02-23 13:11:08,582 DEBUG [main][AbstractDetectingUrlHandlerMapping.java:86] - 'beanNameHandlerMapping' {}
2023-02-23 13:11:08,775 DEBUG [main][SimpleUrlHandlerMapping.java:177] - 'resourceHandlerMapping' {/webjars/**=ResourceHttpRequestHandler [classpath [META-INF/resources/webjars/]], /**=ResourceHttpRequestHandler [classpath [META-INF/resources/], classpath [resources/], classpath [static/], classpath [public/], ServletContext [/]], /swagger-ui*/**=ResourceHttpRequestHandler [classpath [META-INF/resources/webjars/]]}
2023-02-23 13:11:08,775 DEBUG [main][SimpleUrlHandlerMapping.java:177] - 'resourceHandlerMapping' {/webjars/**=ResourceHttpRequestHandler [classpath [META-INF/resources/webjars/]], /**=ResourceHttpRequestHandler [classpath [META-INF/resources/], classpath [resources/], classpath [static/], classpath [public/], ServletContext [/]], /swagger-ui*/**=ResourceHttpRequestHandler [classpath [META-INF/resources/webjars/]]}
2023-02-23 13:11:08,801 DEBUG [main][LogFactory.java:109] - Logging initialized using 'class org.apache.ibatis.logging.slf4j.Slf4jImpl' adapter.
2023-02-23 13:11:08,801 DEBUG [main][LogFactory.java:109] - Logging initialized using 'class org.apache.ibatis.logging.slf4j.Slf4jImpl' adapter.
2023-02-23 13:11:08,869 INFO [main][DirectJDKLog.java:173] - Starting ProtocolHandler ["http-nio-1001"]
2023-02-23 13:11:08,869 INFO [main][DirectJDKLog.java:173] - Starting ProtocolHandler ["http-nio-1001"]
2023-02-23 13:11:08,884 INFO [main][TomcatWebServer.java:220] - Tomcat started on port(s): 1001 (http) with context path ''
2023-02-23 13:11:08,884 INFO [main][TomcatWebServer.java:220] - Tomcat started on port(s): 1001 (http) with context path ''
2023-02-23 13:11:08,893 INFO [main][StartupInfoLogger.java:61] - Started ContentApiApplication in 1.809 seconds (JVM running for 2.798)
2023-02-23 13:11:08,893 INFO [main][StartupInfoLogger.java:61] - Started ContentApiApplication in 1.809 seconds (JVM running for 2.798)
2023-02-23 13:11:09,043 INFO [http-nio-1001-exec-1][DirectJDKLog.java:173] - Initializing Spring DispatcherServlet 'dispatcherServlet'
2023-02-23 13:11:09,043 INFO [http-nio-1001-exec-1][DirectJDKLog.java:173] - Initializing Spring DispatcherServlet 'dispatcherServlet'
2023-02-23 13:11:09,043 INFO [http-nio-1001-exec-1][FrameworkServlet.java:525] - Initializing Servlet 'dispatcherServlet'
2023-02-23 13:11:09,043 INFO [http-nio-1001-exec-1][FrameworkServlet.java:525] - Initializing Servlet 'dispatcherServlet'
2023-02-23 13:11:09,044 INFO [http-nio-1001-exec-1][FrameworkServlet.java:547] - Completed initialization in 1 ms
2023-02-23 13:11:09,044 INFO [http-nio-1001-exec-1][FrameworkServlet.java:547] - Completed initialization in 1 ms
2023-02-23 13:11:09,389 DEBUG [http-nio-1001-exec-3][ModelConverterContextImpl.java:90] - resolve class com.zkc.xcplus.base.model.PageParams
2023-02-23 13:11:09,389 DEBUG [http-nio-1001-exec-3][ModelConverterContextImpl.java:90] - resolve class com.zkc.xcplus.base.model.PageParams
2023-02-23 13:11:09,394 DEBUG [http-nio-1001-exec-3][ModelConverterContextImpl.java:90] - resolve [simple type, class java.lang.Long]
2023-02-23 13:11:09,394 DEBUG [http-nio-1001-exec-3][ModelConverterContextImpl.java:90] - resolve [simple type, class java.lang.Long]
2023-02-23 13:11:09,404 DEBUG [http-nio-1001-exec-3][ModelConverterContextImpl.java:90] - resolve [simple type, class java.lang.Long]
2023-02-23 13:11:09,404 DEBUG [http-nio-1001-exec-3][ModelConverterContextImpl.java:90] - resolve [simple type, class java.lang.Long]
2023-02-23 13:11:09,408 DEBUG [http-nio-1001-exec-3][ModelConverterContextImpl.java:90] - resolve class com.zkc.xcplus.content.model.dto.CourseQueryParamsDto
2023-02-23 13:11:09,408 DEBUG [http-nio-1001-exec-3][ModelConverterContextImpl.java:90] - resolve class com.zkc.xcplus.content.model.dto.CourseQueryParamsDto
2023-02-23 13:11:09,409 DEBUG [http-nio-1001-exec-3][ModelConverterContextImpl.java:90] - resolve [simple type, class java.lang.String]
2023-02-23 13:11:09,409 DEBUG [http-nio-1001-exec-3][ModelConverterContextImpl.java:90] - resolve [simple type, class java.lang.String]
2023-02-23 13:11:09,414 DEBUG [http-nio-1001-exec-3][ModelConverterContextImpl.java:90] - resolve [simple type, class java.lang.String]
2023-02-23 13:11:09,414 DEBUG [http-nio-1001-exec-3][ModelConverterContextImpl.java:90] - resolve [simple type, class java.lang.String]
2023-02-23 13:11:09,414 DEBUG [http-nio-1001-exec-3][ModelConverterContextImpl.java:90] - resolve [simple type, class java.lang.String]
2023-02-23 13:11:09,414 DEBUG [http-nio-1001-exec-3][ModelConverterContextImpl.java:90] - resolve [simple type, class java.lang.String]
2023-02-23 13:11:09,418 DEBUG [http-nio-1001-exec-3][ModelConverterContextImpl.java:90] - resolve com.zkc.xcplus.base.model.PageResult<com.zkc.xcplus.content.model.po.CourseBase>
2023-02-23 13:11:09,418 DEBUG [http-nio-1001-exec-3][ModelConverterContextImpl.java:90] - resolve com.zkc.xcplus.base.model.PageResult<com.zkc.xcplus.content.model.po.CourseBase>
2023-02-23 13:11:09,420 DEBUG [http-nio-1001-exec-3][ModelConverterContextImpl.java:90] - resolve [collection type; class java.util.List, contains [simple type, class com.zkc.xcplus.content.model.po.CourseBase]]
2023-02-23 13:11:09,420 DEBUG [http-nio-1001-exec-3][ModelConverterContextImpl.java:90] - resolve [collection type; class java.util.List, contains [simple type, class com.zkc.xcplus.content.model.po.CourseBase]]
2023-02-23 13:11:09,422 DEBUG [http-nio-1001-exec-3][ModelConverterContextImpl.java:90] - resolve [simple type, class com.zkc.xcplus.content.model.po.CourseBase]
2023-02-23 13:11:09,422 DEBUG [http-nio-1001-exec-3][ModelConverterContextImpl.java:90] - resolve [simple type, class com.zkc.xcplus.content.model.po.CourseBase]
2023-02-23 13:11:09,428 DEBUG [http-nio-1001-exec-3][ModelConverterContextImpl.java:90] - resolve [simple type, class java.lang.Long]
2023-02-23 13:11:09,428 DEBUG [http-nio-1001-exec-3][ModelConverterContextImpl.java:90] - resolve [simple type, class java.lang.Long]
2023-02-23 13:11:09,429 DEBUG [http-nio-1001-exec-3][ModelConverterContextImpl.java:90] - resolve [simple type, class java.lang.Long]
2023-02-23 13:11:09,429 DEBUG [http-nio-1001-exec-3][ModelConverterContextImpl.java:90] - resolve [simple type, class java.lang.Long]
2023-02-23 13:11:09,430 DEBUG [http-nio-1001-exec-3][ModelConverterContextImpl.java:90] - resolve [simple type, class java.lang.String]
2023-02-23 13:11:09,430 DEBUG [http-nio-1001-exec-3][ModelConverterContextImpl.java:90] - resolve [simple type, class java.lang.String]
2023-02-23 13:11:09,431 DEBUG [http-nio-1001-exec-3][ModelConverterContextImpl.java:90] - resolve [simple type, class java.lang.String]
2023-02-23 13:11:09,431 DEBUG [http-nio-1001-exec-3][ModelConverterContextImpl.java:90] - resolve [simple type, class java.lang.String]
2023-02-23 13:11:09,432 DEBUG [http-nio-1001-exec-3][ModelConverterContextImpl.java:90] - resolve [simple type, class java.lang.String]
2023-02-23 13:11:09,432 DEBUG [http-nio-1001-exec-3][ModelConverterContextImpl.java:90] - resolve [simple type, class java.lang.String]
2023-02-23 13:11:09,432 DEBUG [http-nio-1001-exec-3][ModelConverterContextImpl.java:90] - resolve [simple type, class java.lang.String]
2023-02-23 13:11:09,432 DEBUG [http-nio-1001-exec-3][ModelConverterContextImpl.java:90] - resolve [simple type, class java.lang.String]
2023-02-23 13:11:09,433 DEBUG [http-nio-1001-exec-3][ModelConverterContextImpl.java:90] - resolve [simple type, class java.lang.String]
2023-02-23 13:11:09,433 DEBUG [http-nio-1001-exec-3][ModelConverterContextImpl.java:90] - resolve [simple type, class java.lang.String]
2023-02-23 13:11:09,434 DEBUG [http-nio-1001-exec-3][ModelConverterContextImpl.java:90] - resolve [simple type, class java.lang.String]
2023-02-23 13:11:09,434 DEBUG [http-nio-1001-exec-3][ModelConverterContextImpl.java:90] - resolve [simple type, class java.lang.String]
2023-02-23 13:11:09,434 DEBUG [http-nio-1001-exec-3][ModelConverterContextImpl.java:90] - resolve [simple type, class java.lang.String]
2023-02-23 13:11:09,434 DEBUG [http-nio-1001-exec-3][ModelConverterContextImpl.java:90] - resolve [simple type, class java.lang.String]
2023-02-23 13:11:09,435 DEBUG [http-nio-1001-exec-3][ModelConverterContextImpl.java:90] - resolve [simple type, class java.lang.String]
2023-02-23 13:11:09,435 DEBUG [http-nio-1001-exec-3][ModelConverterContextImpl.java:90] - resolve [simple type, class java.lang.String]
2023-02-23 13:11:09,436 DEBUG [http-nio-1001-exec-3][ModelConverterContextImpl.java:90] - resolve [simple type, class java.lang.String]
2023-02-23 13:11:09,436 DEBUG [http-nio-1001-exec-3][ModelConverterContextImpl.java:90] - resolve [simple type, class java.lang.String]
2023-02-23 13:11:09,441 DEBUG [http-nio-1001-exec-3][ModelConverterContextImpl.java:90] - resolve [simple type, class java.lang.String]
2023-02-23 13:11:09,441 DEBUG [http-nio-1001-exec-3][ModelConverterContextImpl.java:90] - resolve [simple type, class java.lang.String]
2023-02-23 13:11:09,442 DEBUG [http-nio-1001-exec-3][ModelConverterContextImpl.java:90] - resolve [simple type, class java.time.LocalDateTime]
2023-02-23 13:11:09,442 DEBUG [http-nio-1001-exec-3][ModelConverterContextImpl.java:90] - resolve [simple type, class java.time.LocalDateTime]
2023-02-23 13:11:09,447 DEBUG [http-nio-1001-exec-3][ModelConverterContextImpl.java:90] - resolve [simple type, class java.time.LocalDateTime]
2023-02-23 13:11:09,447 DEBUG [http-nio-1001-exec-3][ModelConverterContextImpl.java:90] - resolve [simple type, class java.time.LocalDateTime]
2023-02-23 13:11:09,448 DEBUG [http-nio-1001-exec-3][ModelConverterContextImpl.java:90] - resolve [simple type, class java.lang.String]
2023-02-23 13:11:09,448 DEBUG [http-nio-1001-exec-3][ModelConverterContextImpl.java:90] - resolve [simple type, class java.lang.String]
2023-02-23 13:11:09,448 DEBUG [http-nio-1001-exec-3][ModelConverterContextImpl.java:90] - resolve [simple type, class java.lang.String]
2023-02-23 13:11:09,448 DEBUG [http-nio-1001-exec-3][ModelConverterContextImpl.java:90] - resolve [simple type, class java.lang.String]
2023-02-23 13:11:09,449 DEBUG [http-nio-1001-exec-3][ModelConverterContextImpl.java:90] - resolve [simple type, class java.lang.String]
2023-02-23 13:11:09,449 DEBUG [http-nio-1001-exec-3][ModelConverterContextImpl.java:90] - resolve [simple type, class java.lang.String]
2023-02-23 13:11:09,450 DEBUG [http-nio-1001-exec-3][ModelConverterContextImpl.java:90] - resolve [simple type, class java.lang.String]
2023-02-23 13:11:09,450 DEBUG [http-nio-1001-exec-3][ModelConverterContextImpl.java:90] - resolve [simple type, class java.lang.String]
2023-02-23 13:11:09,454 DEBUG [http-nio-1001-exec-3][ModelConverterContextImpl.java:90] - resolve [simple type, class long]
2023-02-23 13:11:09,454 DEBUG [http-nio-1001-exec-3][ModelConverterContextImpl.java:90] - resolve [simple type, class long]
2023-02-23 13:11:09,455 DEBUG [http-nio-1001-exec-3][ModelConverterContextImpl.java:90] - resolve [simple type, class long]
2023-02-23 13:11:09,455 DEBUG [http-nio-1001-exec-3][ModelConverterContextImpl.java:90] - resolve [simple type, class long]
2023-02-23 13:11:09,455 DEBUG [http-nio-1001-exec-3][ModelConverterContextImpl.java:90] - resolve [simple type, class long]
2023-02-23 13:11:09,455 DEBUG [http-nio-1001-exec-3][ModelConverterContextImpl.java:90] - resolve [simple type, class long]
2023-02-23 13:11:09,462 INFO [http-nio-1001-exec-3][AbstractOpenApiResource.java:359] - Init duration for springdoc-openapi is: 195 ms
2023-02-23 13:11:09,462 INFO [http-nio-1001-exec-3][AbstractOpenApiResource.java:359] - Init duration for springdoc-openapi is: 195 ms
2023-02-23 13:11:39,840 INFO [main][StartupInfoLogger.java:55] - Starting ContentApiApplication using Java 1.8.0_301 on PZZKC with PID 7136 (D:\Java\ideaProjects\xcplus\xcplus-content\xcplus-content-api\target\classes started by pczkc in D:\Java\ideaProjects\xcplus)
2023-02-23 13:11:39,840 INFO [main][StartupInfoLogger.java:55] - Starting ContentApiApplication using Java 1.8.0_301 on PZZKC with PID 7136 (D:\Java\ideaProjects\xcplus\xcplus-content\xcplus-content-api\target\classes started by pczkc in D:\Java\ideaProjects\xcplus)
2023-02-23 13:11:39,848 DEBUG [main][StartupInfoLogger.java:56] - Running with Spring Boot v2.7.8, Spring v5.3.25
2023-02-23 13:11:39,848 DEBUG [main][StartupInfoLogger.java:56] - Running with Spring Boot v2.7.8, Spring v5.3.25
2023-02-23 13:11:39,849 INFO [main][SpringApplication.java:631] - No active profile set, falling back to 1 default profile: "default"
2023-02-23 13:11:39,849 INFO [main][SpringApplication.java:631] - No active profile set, falling back to 1 default profile: "default"
2023-02-23 13:11:40,481 INFO [main][TomcatWebServer.java:108] - Tomcat initialized with port(s): 1001 (http)
2023-02-23 13:11:40,481 INFO [main][TomcatWebServer.java:108] - Tomcat initialized with port(s): 1001 (http)
2023-02-23 13:11:40,494 INFO [main][DirectJDKLog.java:173] - Initializing ProtocolHandler ["http-nio-1001"]
2023-02-23 13:11:40,494 INFO [main][DirectJDKLog.java:173] - Initializing ProtocolHandler ["http-nio-1001"]
2023-02-23 13:11:40,494 INFO [main][DirectJDKLog.java:173] - Starting service [Tomcat]
2023-02-23 13:11:40,494 INFO [main][DirectJDKLog.java:173] - Starting service [Tomcat]
2023-02-23 13:11:40,495 INFO [main][DirectJDKLog.java:173] - Starting Servlet engine: [Apache Tomcat/9.0.71]
2023-02-23 13:11:40,495 INFO [main][DirectJDKLog.java:173] - Starting Servlet engine: [Apache Tomcat/9.0.71]
2023-02-23 13:11:40,592 INFO [main][DirectJDKLog.java:173] - Initializing Spring embedded WebApplicationContext
2023-02-23 13:11:40,592 INFO [main][DirectJDKLog.java:173] - Initializing Spring embedded WebApplicationContext
2023-02-23 13:11:40,592 INFO [main][ServletWebServerApplicationContext.java:292] - Root WebApplicationContext: initialization completed in 714 ms
2023-02-23 13:11:40,592 INFO [main][ServletWebServerApplicationContext.java:292] - Root WebApplicationContext: initialization completed in 714 ms
2023-02-23 13:11:40,853 DEBUG [main][AbstractHandlerMethodMapping.java:295] - 
	c.z.x.c.a.c.CourseBaseController:
	{POST [/coursebase/list]}: list(PageParams,CourseQueryParamsDto)
2023-02-23 13:11:40,853 DEBUG [main][AbstractHandlerMethodMapping.java:295] - 
	c.z.x.c.a.c.CourseBaseController:
	{POST [/coursebase/list]}: list(PageParams,CourseQueryParamsDto)
2023-02-23 13:11:40,856 DEBUG [main][AbstractHandlerMethodMapping.java:295] - 
	o.s.b.a.w.s.e.BasicErrorController:
	{ [/error]}: error(HttpServletRequest)
	{ [/error], produces [text/html]}: errorHtml(HttpServletRequest,HttpServletResponse)
2023-02-23 13:11:40,856 DEBUG [main][AbstractHandlerMethodMapping.java:295] - 
	o.s.b.a.w.s.e.BasicErrorController:
	{ [/error]}: error(HttpServletRequest)
	{ [/error], produces [text/html]}: errorHtml(HttpServletRequest,HttpServletResponse)
2023-02-23 13:11:40,867 DEBUG [main][AbstractHandlerMethodMapping.java:295] - 
	o.s.w.a.OpenApiWebMvcResource:
	{GET [/v3/api-docs.yaml], produces [application/vnd.oai.openapi]}: openapiYaml(HttpServletRequest,String,Locale)
	{GET [/v3/api-docs], produces [application/json]}: openapiJson(HttpServletRequest,String,Locale)
2023-02-23 13:11:40,867 DEBUG [main][AbstractHandlerMethodMapping.java:295] - 
	o.s.w.a.OpenApiWebMvcResource:
	{GET [/v3/api-docs.yaml], produces [application/vnd.oai.openapi]}: openapiYaml(HttpServletRequest,String,Locale)
	{GET [/v3/api-docs], produces [application/json]}: openapiJson(HttpServletRequest,String,Locale)
2023-02-23 13:11:40,868 DEBUG [main][AbstractHandlerMethodMapping.java:295] - 
	o.s.w.u.SwaggerWelcomeWebMvc:
	{GET [/swagger-ui.html]}: redirectToUi(HttpServletRequest)
2023-02-23 13:11:40,868 DEBUG [main][AbstractHandlerMethodMapping.java:295] - 
	o.s.w.u.SwaggerWelcomeWebMvc:
	{GET [/swagger-ui.html]}: redirectToUi(HttpServletRequest)
2023-02-23 13:11:40,868 DEBUG [main][AbstractHandlerMethodMapping.java:295] - 
	o.s.w.u.SwaggerConfigResource:
	{GET [/v3/api-docs/swagger-config], produces [application/json]}: openapiJson(HttpServletRequest)
2023-02-23 13:11:40,868 DEBUG [main][AbstractHandlerMethodMapping.java:295] - 
	o.s.w.u.SwaggerConfigResource:
	{GET [/v3/api-docs/swagger-config], produces [application/json]}: openapiJson(HttpServletRequest)
2023-02-23 13:11:40,872 DEBUG [main][AbstractDetectingUrlHandlerMapping.java:86] - 'beanNameHandlerMapping' {}
2023-02-23 13:11:40,872 DEBUG [main][AbstractDetectingUrlHandlerMapping.java:86] - 'beanNameHandlerMapping' {}
2023-02-23 13:11:41,052 DEBUG [main][SimpleUrlHandlerMapping.java:177] - 'resourceHandlerMapping' {/webjars/**=ResourceHttpRequestHandler [classpath [META-INF/resources/webjars/]], /**=ResourceHttpRequestHandler [classpath [META-INF/resources/], classpath [resources/], classpath [static/], classpath [public/], ServletContext [/]], /swagger-ui*/**=ResourceHttpRequestHandler [classpath [META-INF/resources/webjars/]]}
2023-02-23 13:11:41,052 DEBUG [main][SimpleUrlHandlerMapping.java:177] - 'resourceHandlerMapping' {/webjars/**=ResourceHttpRequestHandler [classpath [META-INF/resources/webjars/]], /**=ResourceHttpRequestHandler [classpath [META-INF/resources/], classpath [resources/], classpath [static/], classpath [public/], ServletContext [/]], /swagger-ui*/**=ResourceHttpRequestHandler [classpath [META-INF/resources/webjars/]]}
2023-02-23 13:11:41,075 DEBUG [main][LogFactory.java:109] - Logging initialized using 'class org.apache.ibatis.logging.slf4j.Slf4jImpl' adapter.
2023-02-23 13:11:41,075 DEBUG [main][LogFactory.java:109] - Logging initialized using 'class org.apache.ibatis.logging.slf4j.Slf4jImpl' adapter.
2023-02-23 13:11:41,135 INFO [main][DirectJDKLog.java:173] - Starting ProtocolHandler ["http-nio-1001"]
2023-02-23 13:11:41,135 INFO [main][DirectJDKLog.java:173] - Starting ProtocolHandler ["http-nio-1001"]
2023-02-23 13:11:41,148 INFO [main][TomcatWebServer.java:220] - Tomcat started on port(s): 1001 (http) with context path ''
2023-02-23 13:11:41,148 INFO [main][TomcatWebServer.java:220] - Tomcat started on port(s): 1001 (http) with context path ''
2023-02-23 13:11:41,156 INFO [main][StartupInfoLogger.java:61] - Started ContentApiApplication in 1.717 seconds (JVM running for 2.68)
2023-02-23 13:11:41,156 INFO [main][StartupInfoLogger.java:61] - Started ContentApiApplication in 1.717 seconds (JVM running for 2.68)
2023-02-23 13:11:49,422 INFO [http-nio-1001-exec-1][DirectJDKLog.java:173] - Initializing Spring DispatcherServlet 'dispatcherServlet'
2023-02-23 13:11:49,422 INFO [http-nio-1001-exec-1][DirectJDKLog.java:173] - Initializing Spring DispatcherServlet 'dispatcherServlet'
2023-02-23 13:11:49,422 INFO [http-nio-1001-exec-1][FrameworkServlet.java:525] - Initializing Servlet 'dispatcherServlet'
2023-02-23 13:11:49,422 INFO [http-nio-1001-exec-1][FrameworkServlet.java:525] - Initializing Servlet 'dispatcherServlet'
2023-02-23 13:11:49,423 INFO [http-nio-1001-exec-1][FrameworkServlet.java:547] - Completed initialization in 1 ms
2023-02-23 13:11:49,423 INFO [http-nio-1001-exec-1][FrameworkServlet.java:547] - Completed initialization in 1 ms
2023-02-23 13:11:49,747 DEBUG [http-nio-1001-exec-3][ModelConverterContextImpl.java:90] - resolve class com.zkc.xcplus.base.model.PageParams
2023-02-23 13:11:49,747 DEBUG [http-nio-1001-exec-3][ModelConverterContextImpl.java:90] - resolve class com.zkc.xcplus.base.model.PageParams
2023-02-23 13:11:49,751 DEBUG [http-nio-1001-exec-3][ModelConverterContextImpl.java:90] - resolve [simple type, class java.lang.Long]
2023-02-23 13:11:49,751 DEBUG [http-nio-1001-exec-3][ModelConverterContextImpl.java:90] - resolve [simple type, class java.lang.Long]
2023-02-23 13:11:49,762 DEBUG [http-nio-1001-exec-3][ModelConverterContextImpl.java:90] - resolve [simple type, class java.lang.Long]
2023-02-23 13:11:49,762 DEBUG [http-nio-1001-exec-3][ModelConverterContextImpl.java:90] - resolve [simple type, class java.lang.Long]
2023-02-23 13:11:49,766 DEBUG [http-nio-1001-exec-3][ModelConverterContextImpl.java:90] - resolve class com.zkc.xcplus.content.model.dto.CourseQueryParamsDto
2023-02-23 13:11:49,766 DEBUG [http-nio-1001-exec-3][ModelConverterContextImpl.java:90] - resolve class com.zkc.xcplus.content.model.dto.CourseQueryParamsDto
2023-02-23 13:11:49,767 DEBUG [http-nio-1001-exec-3][ModelConverterContextImpl.java:90] - resolve [simple type, class java.lang.String]
2023-02-23 13:11:49,767 DEBUG [http-nio-1001-exec-3][ModelConverterContextImpl.java:90] - resolve [simple type, class java.lang.String]
2023-02-23 13:11:49,771 DEBUG [http-nio-1001-exec-3][ModelConverterContextImpl.java:90] - resolve [simple type, class java.lang.String]
2023-02-23 13:11:49,771 DEBUG [http-nio-1001-exec-3][ModelConverterContextImpl.java:90] - resolve [simple type, class java.lang.String]
2023-02-23 13:11:49,771 DEBUG [http-nio-1001-exec-3][ModelConverterContextImpl.java:90] - resolve [simple type, class java.lang.String]
2023-02-23 13:11:49,771 DEBUG [http-nio-1001-exec-3][ModelConverterContextImpl.java:90] - resolve [simple type, class java.lang.String]
2023-02-23 13:11:49,776 DEBUG [http-nio-1001-exec-3][ModelConverterContextImpl.java:90] - resolve com.zkc.xcplus.base.model.PageResult<com.zkc.xcplus.content.model.po.CourseBase>
2023-02-23 13:11:49,776 DEBUG [http-nio-1001-exec-3][ModelConverterContextImpl.java:90] - resolve com.zkc.xcplus.base.model.PageResult<com.zkc.xcplus.content.model.po.CourseBase>
2023-02-23 13:11:49,778 DEBUG [http-nio-1001-exec-3][ModelConverterContextImpl.java:90] - resolve [collection type; class java.util.List, contains [simple type, class com.zkc.xcplus.content.model.po.CourseBase]]
2023-02-23 13:11:49,778 DEBUG [http-nio-1001-exec-3][ModelConverterContextImpl.java:90] - resolve [collection type; class java.util.List, contains [simple type, class com.zkc.xcplus.content.model.po.CourseBase]]
2023-02-23 13:11:49,780 DEBUG [http-nio-1001-exec-3][ModelConverterContextImpl.java:90] - resolve [simple type, class com.zkc.xcplus.content.model.po.CourseBase]
2023-02-23 13:11:49,780 DEBUG [http-nio-1001-exec-3][ModelConverterContextImpl.java:90] - resolve [simple type, class com.zkc.xcplus.content.model.po.CourseBase]
2023-02-23 13:11:49,786 DEBUG [http-nio-1001-exec-3][ModelConverterContextImpl.java:90] - resolve [simple type, class java.lang.Long]
2023-02-23 13:11:49,786 DEBUG [http-nio-1001-exec-3][ModelConverterContextImpl.java:90] - resolve [simple type, class java.lang.Long]
2023-02-23 13:11:49,787 DEBUG [http-nio-1001-exec-3][ModelConverterContextImpl.java:90] - resolve [simple type, class java.lang.Long]
2023-02-23 13:11:49,787 DEBUG [http-nio-1001-exec-3][ModelConverterContextImpl.java:90] - resolve [simple type, class java.lang.Long]
2023-02-23 13:11:49,788 DEBUG [http-nio-1001-exec-3][ModelConverterContextImpl.java:90] - resolve [simple type, class java.lang.String]
2023-02-23 13:11:49,788 DEBUG [http-nio-1001-exec-3][ModelConverterContextImpl.java:90] - resolve [simple type, class java.lang.String]
2023-02-23 13:11:49,788 DEBUG [http-nio-1001-exec-3][ModelConverterContextImpl.java:90] - resolve [simple type, class java.lang.String]
2023-02-23 13:11:49,788 DEBUG [http-nio-1001-exec-3][ModelConverterContextImpl.java:90] - resolve [simple type, class java.lang.String]
2023-02-23 13:11:49,789 DEBUG [http-nio-1001-exec-3][ModelConverterContextImpl.java:90] - resolve [simple type, class java.lang.String]
2023-02-23 13:11:49,789 DEBUG [http-nio-1001-exec-3][ModelConverterContextImpl.java:90] - resolve [simple type, class java.lang.String]
2023-02-23 13:11:49,790 DEBUG [http-nio-1001-exec-3][ModelConverterContextImpl.java:90] - resolve [simple type, class java.lang.String]
2023-02-23 13:11:49,790 DEBUG [http-nio-1001-exec-3][ModelConverterContextImpl.java:90] - resolve [simple type, class java.lang.String]
2023-02-23 13:11:49,791 DEBUG [http-nio-1001-exec-3][ModelConverterContextImpl.java:90] - resolve [simple type, class java.lang.String]
2023-02-23 13:11:49,791 DEBUG [http-nio-1001-exec-3][ModelConverterContextImpl.java:90] - resolve [simple type, class java.lang.String]
2023-02-23 13:11:49,792 DEBUG [http-nio-1001-exec-3][ModelConverterContextImpl.java:90] - resolve [simple type, class java.lang.String]
2023-02-23 13:11:49,792 DEBUG [http-nio-1001-exec-3][ModelConverterContextImpl.java:90] - resolve [simple type, class java.lang.String]
2023-02-23 13:11:49,793 DEBUG [http-nio-1001-exec-3][ModelConverterContextImpl.java:90] - resolve [simple type, class java.lang.String]
2023-02-23 13:11:49,793 DEBUG [http-nio-1001-exec-3][ModelConverterContextImpl.java:90] - resolve [simple type, class java.lang.String]
2023-02-23 13:11:49,793 DEBUG [http-nio-1001-exec-3][ModelConverterContextImpl.java:90] - resolve [simple type, class java.lang.String]
2023-02-23 13:11:49,793 DEBUG [http-nio-1001-exec-3][ModelConverterContextImpl.java:90] - resolve [simple type, class java.lang.String]
2023-02-23 13:11:49,794 DEBUG [http-nio-1001-exec-3][ModelConverterContextImpl.java:90] - resolve [simple type, class java.lang.String]
2023-02-23 13:11:49,794 DEBUG [http-nio-1001-exec-3][ModelConverterContextImpl.java:90] - resolve [simple type, class java.lang.String]
2023-02-23 13:11:49,797 DEBUG [http-nio-1001-exec-3][ModelConverterContextImpl.java:90] - resolve [simple type, class java.lang.String]
2023-02-23 13:11:49,797 DEBUG [http-nio-1001-exec-3][ModelConverterContextImpl.java:90] - resolve [simple type, class java.lang.String]
2023-02-23 13:11:49,798 DEBUG [http-nio-1001-exec-3][ModelConverterContextImpl.java:90] - resolve [simple type, class java.time.LocalDateTime]
2023-02-23 13:11:49,798 DEBUG [http-nio-1001-exec-3][ModelConverterContextImpl.java:90] - resolve [simple type, class java.time.LocalDateTime]
2023-02-23 13:11:49,803 DEBUG [http-nio-1001-exec-3][ModelConverterContextImpl.java:90] - resolve [simple type, class java.time.LocalDateTime]
2023-02-23 13:11:49,803 DEBUG [http-nio-1001-exec-3][ModelConverterContextImpl.java:90] - resolve [simple type, class java.time.LocalDateTime]
2023-02-23 13:11:49,803 DEBUG [http-nio-1001-exec-3][ModelConverterContextImpl.java:90] - resolve [simple type, class java.lang.String]
2023-02-23 13:11:49,803 DEBUG [http-nio-1001-exec-3][ModelConverterContextImpl.java:90] - resolve [simple type, class java.lang.String]
2023-02-23 13:11:49,804 DEBUG [http-nio-1001-exec-3][ModelConverterContextImpl.java:90] - resolve [simple type, class java.lang.String]
2023-02-23 13:11:49,804 DEBUG [http-nio-1001-exec-3][ModelConverterContextImpl.java:90] - resolve [simple type, class java.lang.String]
2023-02-23 13:11:49,805 DEBUG [http-nio-1001-exec-3][ModelConverterContextImpl.java:90] - resolve [simple type, class java.lang.String]
2023-02-23 13:11:49,805 DEBUG [http-nio-1001-exec-3][ModelConverterContextImpl.java:90] - resolve [simple type, class java.lang.String]
2023-02-23 13:11:49,806 DEBUG [http-nio-1001-exec-3][ModelConverterContextImpl.java:90] - resolve [simple type, class java.lang.String]
2023-02-23 13:11:49,806 DEBUG [http-nio-1001-exec-3][ModelConverterContextImpl.java:90] - resolve [simple type, class java.lang.String]
2023-02-23 13:11:49,810 DEBUG [http-nio-1001-exec-3][ModelConverterContextImpl.java:90] - resolve [simple type, class long]
2023-02-23 13:11:49,810 DEBUG [http-nio-1001-exec-3][ModelConverterContextImpl.java:90] - resolve [simple type, class long]
2023-02-23 13:11:49,811 DEBUG [http-nio-1001-exec-3][ModelConverterContextImpl.java:90] - resolve [simple type, class long]
2023-02-23 13:11:49,811 DEBUG [http-nio-1001-exec-3][ModelConverterContextImpl.java:90] - resolve [simple type, class long]
2023-02-23 13:11:49,812 DEBUG [http-nio-1001-exec-3][ModelConverterContextImpl.java:90] - resolve [simple type, class long]
2023-02-23 13:11:49,812 DEBUG [http-nio-1001-exec-3][ModelConverterContextImpl.java:90] - resolve [simple type, class long]
2023-02-23 13:11:49,818 INFO [http-nio-1001-exec-3][AbstractOpenApiResource.java:359] - Init duration for springdoc-openapi is: 194 ms
2023-02-23 13:11:49,818 INFO [http-nio-1001-exec-3][AbstractOpenApiResource.java:359] - Init duration for springdoc-openapi is: 194 ms
2023-02-23 13:12:55,676 INFO [main][StartupInfoLogger.java:55] - Starting ContentApiApplication using Java 1.8.0_301 on PZZKC with PID 8264 (D:\Java\ideaProjects\xcplus\xcplus-content\xcplus-content-api\target\classes started by pczkc in D:\Java\ideaProjects\xcplus)
2023-02-23 13:12:55,676 INFO [main][StartupInfoLogger.java:55] - Starting ContentApiApplication using Java 1.8.0_301 on PZZKC with PID 8264 (D:\Java\ideaProjects\xcplus\xcplus-content\xcplus-content-api\target\classes started by pczkc in D:\Java\ideaProjects\xcplus)
2023-02-23 13:12:55,684 DEBUG [main][StartupInfoLogger.java:56] - Running with Spring Boot v2.7.8, Spring v5.3.25
2023-02-23 13:12:55,684 DEBUG [main][StartupInfoLogger.java:56] - Running with Spring Boot v2.7.8, Spring v5.3.25
2023-02-23 13:12:55,685 INFO [main][SpringApplication.java:631] - No active profile set, falling back to 1 default profile: "default"
2023-02-23 13:12:55,685 INFO [main][SpringApplication.java:631] - No active profile set, falling back to 1 default profile: "default"
2023-02-23 13:12:56,316 INFO [main][TomcatWebServer.java:108] - Tomcat initialized with port(s): 1001 (http)
2023-02-23 13:12:56,316 INFO [main][TomcatWebServer.java:108] - Tomcat initialized with port(s): 1001 (http)
2023-02-23 13:12:56,328 INFO [main][DirectJDKLog.java:173] - Initializing ProtocolHandler ["http-nio-1001"]
2023-02-23 13:12:56,328 INFO [main][DirectJDKLog.java:173] - Initializing ProtocolHandler ["http-nio-1001"]
2023-02-23 13:12:56,329 INFO [main][DirectJDKLog.java:173] - Starting service [Tomcat]
2023-02-23 13:12:56,329 INFO [main][DirectJDKLog.java:173] - Starting service [Tomcat]
2023-02-23 13:12:56,329 INFO [main][DirectJDKLog.java:173] - Starting Servlet engine: [Apache Tomcat/9.0.71]
2023-02-23 13:12:56,329 INFO [main][DirectJDKLog.java:173] - Starting Servlet engine: [Apache Tomcat/9.0.71]
2023-02-23 13:12:56,425 INFO [main][DirectJDKLog.java:173] - Initializing Spring embedded WebApplicationContext
2023-02-23 13:12:56,425 INFO [main][DirectJDKLog.java:173] - Initializing Spring embedded WebApplicationContext
2023-02-23 13:12:56,426 INFO [main][ServletWebServerApplicationContext.java:292] - Root WebApplicationContext: initialization completed in 709 ms
2023-02-23 13:12:56,426 INFO [main][ServletWebServerApplicationContext.java:292] - Root WebApplicationContext: initialization completed in 709 ms
2023-02-23 13:12:56,689 DEBUG [main][AbstractHandlerMethodMapping.java:295] - 
	c.z.x.c.a.c.CourseBaseController:
	{POST [/coursebase/list]}: list(PageParams,CourseQueryParamsDto)
2023-02-23 13:12:56,689 DEBUG [main][AbstractHandlerMethodMapping.java:295] - 
	c.z.x.c.a.c.CourseBaseController:
	{POST [/coursebase/list]}: list(PageParams,CourseQueryParamsDto)
2023-02-23 13:12:56,692 DEBUG [main][AbstractHandlerMethodMapping.java:295] - 
	o.s.b.a.w.s.e.BasicErrorController:
	{ [/error]}: error(HttpServletRequest)
	{ [/error], produces [text/html]}: errorHtml(HttpServletRequest,HttpServletResponse)
2023-02-23 13:12:56,692 DEBUG [main][AbstractHandlerMethodMapping.java:295] - 
	o.s.b.a.w.s.e.BasicErrorController:
	{ [/error]}: error(HttpServletRequest)
	{ [/error], produces [text/html]}: errorHtml(HttpServletRequest,HttpServletResponse)
2023-02-23 13:12:56,703 DEBUG [main][AbstractHandlerMethodMapping.java:295] - 
	o.s.w.a.OpenApiWebMvcResource:
	{GET [/v3/api-docs.yaml], produces [application/vnd.oai.openapi]}: openapiYaml(HttpServletRequest,String,Locale)
	{GET [/v3/api-docs], produces [application/json]}: openapiJson(HttpServletRequest,String,Locale)
2023-02-23 13:12:56,703 DEBUG [main][AbstractHandlerMethodMapping.java:295] - 
	o.s.w.a.OpenApiWebMvcResource:
	{GET [/v3/api-docs.yaml], produces [application/vnd.oai.openapi]}: openapiYaml(HttpServletRequest,String,Locale)
	{GET [/v3/api-docs], produces [application/json]}: openapiJson(HttpServletRequest,String,Locale)
2023-02-23 13:12:56,704 DEBUG [main][AbstractHandlerMethodMapping.java:295] - 
	o.s.w.u.SwaggerWelcomeWebMvc:
	{GET [/swagger-ui.html]}: redirectToUi(HttpServletRequest)
2023-02-23 13:12:56,704 DEBUG [main][AbstractHandlerMethodMapping.java:295] - 
	o.s.w.u.SwaggerWelcomeWebMvc:
	{GET [/swagger-ui.html]}: redirectToUi(HttpServletRequest)
2023-02-23 13:12:56,705 DEBUG [main][AbstractHandlerMethodMapping.java:295] - 
	o.s.w.u.SwaggerConfigResource:
	{GET [/v3/api-docs/swagger-config], produces [application/json]}: openapiJson(HttpServletRequest)
2023-02-23 13:12:56,705 DEBUG [main][AbstractHandlerMethodMapping.java:295] - 
	o.s.w.u.SwaggerConfigResource:
	{GET [/v3/api-docs/swagger-config], produces [application/json]}: openapiJson(HttpServletRequest)
2023-02-23 13:12:56,709 DEBUG [main][AbstractDetectingUrlHandlerMapping.java:86] - 'beanNameHandlerMapping' {}
2023-02-23 13:12:56,709 DEBUG [main][AbstractDetectingUrlHandlerMapping.java:86] - 'beanNameHandlerMapping' {}
2023-02-23 13:12:56,894 DEBUG [main][SimpleUrlHandlerMapping.java:177] - 'resourceHandlerMapping' {/webjars/**=ResourceHttpRequestHandler [classpath [META-INF/resources/webjars/]], /**=ResourceHttpRequestHandler [classpath [META-INF/resources/], classpath [resources/], classpath [static/], classpath [public/], ServletContext [/]], /swagger-ui*/**=ResourceHttpRequestHandler [classpath [META-INF/resources/webjars/]]}
2023-02-23 13:12:56,894 DEBUG [main][SimpleUrlHandlerMapping.java:177] - 'resourceHandlerMapping' {/webjars/**=ResourceHttpRequestHandler [classpath [META-INF/resources/webjars/]], /**=ResourceHttpRequestHandler [classpath [META-INF/resources/], classpath [resources/], classpath [static/], classpath [public/], ServletContext [/]], /swagger-ui*/**=ResourceHttpRequestHandler [classpath [META-INF/resources/webjars/]]}
2023-02-23 13:12:56,916 DEBUG [main][LogFactory.java:109] - Logging initialized using 'class org.apache.ibatis.logging.slf4j.Slf4jImpl' adapter.
2023-02-23 13:12:56,916 DEBUG [main][LogFactory.java:109] - Logging initialized using 'class org.apache.ibatis.logging.slf4j.Slf4jImpl' adapter.
2023-02-23 13:12:56,980 INFO [main][DirectJDKLog.java:173] - Starting ProtocolHandler ["http-nio-1001"]
2023-02-23 13:12:56,980 INFO [main][DirectJDKLog.java:173] - Starting ProtocolHandler ["http-nio-1001"]
2023-02-23 13:12:56,994 INFO [main][TomcatWebServer.java:220] - Tomcat started on port(s): 1001 (http) with context path ''
2023-02-23 13:12:56,994 INFO [main][TomcatWebServer.java:220] - Tomcat started on port(s): 1001 (http) with context path ''
2023-02-23 13:12:57,002 INFO [main][StartupInfoLogger.java:61] - Started ContentApiApplication in 1.716 seconds (JVM running for 2.706)
2023-02-23 13:12:57,002 INFO [main][StartupInfoLogger.java:61] - Started ContentApiApplication in 1.716 seconds (JVM running for 2.706)
2023-02-23 13:12:59,214 INFO [http-nio-1001-exec-1][DirectJDKLog.java:173] - Initializing Spring DispatcherServlet 'dispatcherServlet'
2023-02-23 13:12:59,214 INFO [http-nio-1001-exec-1][DirectJDKLog.java:173] - Initializing Spring DispatcherServlet 'dispatcherServlet'
2023-02-23 13:12:59,215 INFO [http-nio-1001-exec-1][FrameworkServlet.java:525] - Initializing Servlet 'dispatcherServlet'
2023-02-23 13:12:59,215 INFO [http-nio-1001-exec-1][FrameworkServlet.java:525] - Initializing Servlet 'dispatcherServlet'
2023-02-23 13:12:59,215 INFO [http-nio-1001-exec-1][FrameworkServlet.java:547] - Completed initialization in 0 ms
2023-02-23 13:12:59,215 INFO [http-nio-1001-exec-1][FrameworkServlet.java:547] - Completed initialization in 0 ms
2023-02-23 13:12:59,561 DEBUG [http-nio-1001-exec-3][ModelConverterContextImpl.java:90] - resolve class com.zkc.xcplus.base.model.PageParams
2023-02-23 13:12:59,561 DEBUG [http-nio-1001-exec-3][ModelConverterContextImpl.java:90] - resolve class com.zkc.xcplus.base.model.PageParams
2023-02-23 13:12:59,565 DEBUG [http-nio-1001-exec-3][ModelConverterContextImpl.java:90] - resolve [simple type, class java.lang.Long]
2023-02-23 13:12:59,565 DEBUG [http-nio-1001-exec-3][ModelConverterContextImpl.java:90] - resolve [simple type, class java.lang.Long]
2023-02-23 13:12:59,576 DEBUG [http-nio-1001-exec-3][ModelConverterContextImpl.java:90] - resolve [simple type, class java.lang.Long]
2023-02-23 13:12:59,576 DEBUG [http-nio-1001-exec-3][ModelConverterContextImpl.java:90] - resolve [simple type, class java.lang.Long]
2023-02-23 13:12:59,581 DEBUG [http-nio-1001-exec-3][ModelConverterContextImpl.java:90] - resolve class com.zkc.xcplus.content.model.dto.CourseQueryParamsDto
2023-02-23 13:12:59,581 DEBUG [http-nio-1001-exec-3][ModelConverterContextImpl.java:90] - resolve class com.zkc.xcplus.content.model.dto.CourseQueryParamsDto
2023-02-23 13:12:59,582 DEBUG [http-nio-1001-exec-3][ModelConverterContextImpl.java:90] - resolve [simple type, class java.lang.String]
2023-02-23 13:12:59,582 DEBUG [http-nio-1001-exec-3][ModelConverterContextImpl.java:90] - resolve [simple type, class java.lang.String]
2023-02-23 13:12:59,586 DEBUG [http-nio-1001-exec-3][ModelConverterContextImpl.java:90] - resolve [simple type, class java.lang.String]
2023-02-23 13:12:59,586 DEBUG [http-nio-1001-exec-3][ModelConverterContextImpl.java:90] - resolve [simple type, class java.lang.String]
2023-02-23 13:12:59,587 DEBUG [http-nio-1001-exec-3][ModelConverterContextImpl.java:90] - resolve [simple type, class java.lang.String]
2023-02-23 13:12:59,587 DEBUG [http-nio-1001-exec-3][ModelConverterContextImpl.java:90] - resolve [simple type, class java.lang.String]
2023-02-23 13:12:59,590 DEBUG [http-nio-1001-exec-3][ModelConverterContextImpl.java:90] - resolve com.zkc.xcplus.base.model.PageResult<com.zkc.xcplus.content.model.po.CourseBase>
2023-02-23 13:12:59,590 DEBUG [http-nio-1001-exec-3][ModelConverterContextImpl.java:90] - resolve com.zkc.xcplus.base.model.PageResult<com.zkc.xcplus.content.model.po.CourseBase>
2023-02-23 13:12:59,593 DEBUG [http-nio-1001-exec-3][ModelConverterContextImpl.java:90] - resolve [collection type; class java.util.List, contains [simple type, class com.zkc.xcplus.content.model.po.CourseBase]]
2023-02-23 13:12:59,593 DEBUG [http-nio-1001-exec-3][ModelConverterContextImpl.java:90] - resolve [collection type; class java.util.List, contains [simple type, class com.zkc.xcplus.content.model.po.CourseBase]]
2023-02-23 13:12:59,594 DEBUG [http-nio-1001-exec-3][ModelConverterContextImpl.java:90] - resolve [simple type, class com.zkc.xcplus.content.model.po.CourseBase]
2023-02-23 13:12:59,594 DEBUG [http-nio-1001-exec-3][ModelConverterContextImpl.java:90] - resolve [simple type, class com.zkc.xcplus.content.model.po.CourseBase]
2023-02-23 13:12:59,601 DEBUG [http-nio-1001-exec-3][ModelConverterContextImpl.java:90] - resolve [simple type, class java.lang.Long]
2023-02-23 13:12:59,601 DEBUG [http-nio-1001-exec-3][ModelConverterContextImpl.java:90] - resolve [simple type, class java.lang.Long]
2023-02-23 13:12:59,602 DEBUG [http-nio-1001-exec-3][ModelConverterContextImpl.java:90] - resolve [simple type, class java.lang.Long]
2023-02-23 13:12:59,602 DEBUG [http-nio-1001-exec-3][ModelConverterContextImpl.java:90] - resolve [simple type, class java.lang.Long]
2023-02-23 13:12:59,603 DEBUG [http-nio-1001-exec-3][ModelConverterContextImpl.java:90] - resolve [simple type, class java.lang.String]
2023-02-23 13:12:59,603 DEBUG [http-nio-1001-exec-3][ModelConverterContextImpl.java:90] - resolve [simple type, class java.lang.String]
2023-02-23 13:12:59,604 DEBUG [http-nio-1001-exec-3][ModelConverterContextImpl.java:90] - resolve [simple type, class java.lang.String]
2023-02-23 13:12:59,604 DEBUG [http-nio-1001-exec-3][ModelConverterContextImpl.java:90] - resolve [simple type, class java.lang.String]
2023-02-23 13:12:59,604 DEBUG [http-nio-1001-exec-3][ModelConverterContextImpl.java:90] - resolve [simple type, class java.lang.String]
2023-02-23 13:12:59,604 DEBUG [http-nio-1001-exec-3][ModelConverterContextImpl.java:90] - resolve [simple type, class java.lang.String]
2023-02-23 13:12:59,605 DEBUG [http-nio-1001-exec-3][ModelConverterContextImpl.java:90] - resolve [simple type, class java.lang.String]
2023-02-23 13:12:59,605 DEBUG [http-nio-1001-exec-3][ModelConverterContextImpl.java:90] - resolve [simple type, class java.lang.String]
2023-02-23 13:12:59,606 DEBUG [http-nio-1001-exec-3][ModelConverterContextImpl.java:90] - resolve [simple type, class java.lang.String]
2023-02-23 13:12:59,606 DEBUG [http-nio-1001-exec-3][ModelConverterContextImpl.java:90] - resolve [simple type, class java.lang.String]
2023-02-23 13:12:59,607 DEBUG [http-nio-1001-exec-3][ModelConverterContextImpl.java:90] - resolve [simple type, class java.lang.String]
2023-02-23 13:12:59,607 DEBUG [http-nio-1001-exec-3][ModelConverterContextImpl.java:90] - resolve [simple type, class java.lang.String]
2023-02-23 13:12:59,607 DEBUG [http-nio-1001-exec-3][ModelConverterContextImpl.java:90] - resolve [simple type, class java.lang.String]
2023-02-23 13:12:59,607 DEBUG [http-nio-1001-exec-3][ModelConverterContextImpl.java:90] - resolve [simple type, class java.lang.String]
2023-02-23 13:12:59,608 DEBUG [http-nio-1001-exec-3][ModelConverterContextImpl.java:90] - resolve [simple type, class java.lang.String]
2023-02-23 13:12:59,608 DEBUG [http-nio-1001-exec-3][ModelConverterContextImpl.java:90] - resolve [simple type, class java.lang.String]
2023-02-23 13:12:59,609 DEBUG [http-nio-1001-exec-3][ModelConverterContextImpl.java:90] - resolve [simple type, class java.lang.String]
2023-02-23 13:12:59,609 DEBUG [http-nio-1001-exec-3][ModelConverterContextImpl.java:90] - resolve [simple type, class java.lang.String]
2023-02-23 13:12:59,614 DEBUG [http-nio-1001-exec-3][ModelConverterContextImpl.java:90] - resolve [simple type, class java.lang.String]
2023-02-23 13:12:59,614 DEBUG [http-nio-1001-exec-3][ModelConverterContextImpl.java:90] - resolve [simple type, class java.lang.String]
2023-02-23 13:12:59,616 DEBUG [http-nio-1001-exec-3][ModelConverterContextImpl.java:90] - resolve [simple type, class java.time.LocalDateTime]
2023-02-23 13:12:59,616 DEBUG [http-nio-1001-exec-3][ModelConverterContextImpl.java:90] - resolve [simple type, class java.time.LocalDateTime]
2023-02-23 13:12:59,621 DEBUG [http-nio-1001-exec-3][ModelConverterContextImpl.java:90] - resolve [simple type, class java.time.LocalDateTime]
2023-02-23 13:12:59,621 DEBUG [http-nio-1001-exec-3][ModelConverterContextImpl.java:90] - resolve [simple type, class java.time.LocalDateTime]
2023-02-23 13:12:59,622 DEBUG [http-nio-1001-exec-3][ModelConverterContextImpl.java:90] - resolve [simple type, class java.lang.String]
2023-02-23 13:12:59,622 DEBUG [http-nio-1001-exec-3][ModelConverterContextImpl.java:90] - resolve [simple type, class java.lang.String]
2023-02-23 13:12:59,622 DEBUG [http-nio-1001-exec-3][ModelConverterContextImpl.java:90] - resolve [simple type, class java.lang.String]
2023-02-23 13:12:59,622 DEBUG [http-nio-1001-exec-3][ModelConverterContextImpl.java:90] - resolve [simple type, class java.lang.String]
2023-02-23 13:12:59,623 DEBUG [http-nio-1001-exec-3][ModelConverterContextImpl.java:90] - resolve [simple type, class java.lang.String]
2023-02-23 13:12:59,623 DEBUG [http-nio-1001-exec-3][ModelConverterContextImpl.java:90] - resolve [simple type, class java.lang.String]
2023-02-23 13:12:59,624 DEBUG [http-nio-1001-exec-3][ModelConverterContextImpl.java:90] - resolve [simple type, class java.lang.String]
2023-02-23 13:12:59,624 DEBUG [http-nio-1001-exec-3][ModelConverterContextImpl.java:90] - resolve [simple type, class java.lang.String]
2023-02-23 13:12:59,628 DEBUG [http-nio-1001-exec-3][ModelConverterContextImpl.java:90] - resolve [simple type, class long]
2023-02-23 13:12:59,628 DEBUG [http-nio-1001-exec-3][ModelConverterContextImpl.java:90] - resolve [simple type, class long]
2023-02-23 13:12:59,629 DEBUG [http-nio-1001-exec-3][ModelConverterContextImpl.java:90] - resolve [simple type, class long]
2023-02-23 13:12:59,629 DEBUG [http-nio-1001-exec-3][ModelConverterContextImpl.java:90] - resolve [simple type, class long]
2023-02-23 13:12:59,630 DEBUG [http-nio-1001-exec-3][ModelConverterContextImpl.java:90] - resolve [simple type, class long]
2023-02-23 13:12:59,630 DEBUG [http-nio-1001-exec-3][ModelConverterContextImpl.java:90] - resolve [simple type, class long]
2023-02-23 13:12:59,637 INFO [http-nio-1001-exec-3][AbstractOpenApiResource.java:359] - Init duration for springdoc-openapi is: 200 ms
2023-02-23 13:12:59,637 INFO [http-nio-1001-exec-3][AbstractOpenApiResource.java:359] - Init duration for springdoc-openapi is: 200 ms
2023-02-23 13:13:29,952 INFO [main][StartupInfoLogger.java:55] - Starting ContentApiApplication using Java 1.8.0_301 on PZZKC with PID 14108 (D:\Java\ideaProjects\xcplus\xcplus-content\xcplus-content-api\target\classes started by pczkc in D:\Java\ideaProjects\xcplus)
2023-02-23 13:13:29,952 INFO [main][StartupInfoLogger.java:55] - Starting ContentApiApplication using Java 1.8.0_301 on PZZKC with PID 14108 (D:\Java\ideaProjects\xcplus\xcplus-content\xcplus-content-api\target\classes started by pczkc in D:\Java\ideaProjects\xcplus)
2023-02-23 13:13:29,959 DEBUG [main][StartupInfoLogger.java:56] - Running with Spring Boot v2.7.8, Spring v5.3.25
2023-02-23 13:13:29,959 DEBUG [main][StartupInfoLogger.java:56] - Running with Spring Boot v2.7.8, Spring v5.3.25
2023-02-23 13:13:29,960 INFO [main][SpringApplication.java:631] - No active profile set, falling back to 1 default profile: "default"
2023-02-23 13:13:29,960 INFO [main][SpringApplication.java:631] - No active profile set, falling back to 1 default profile: "default"
2023-02-23 13:13:30,610 INFO [main][TomcatWebServer.java:108] - Tomcat initialized with port(s): 1001 (http)
2023-02-23 13:13:30,610 INFO [main][TomcatWebServer.java:108] - Tomcat initialized with port(s): 1001 (http)
2023-02-23 13:13:30,624 INFO [main][DirectJDKLog.java:173] - Initializing ProtocolHandler ["http-nio-1001"]
2023-02-23 13:13:30,624 INFO [main][DirectJDKLog.java:173] - Initializing ProtocolHandler ["http-nio-1001"]
2023-02-23 13:13:30,624 INFO [main][DirectJDKLog.java:173] - Starting service [Tomcat]
2023-02-23 13:13:30,624 INFO [main][DirectJDKLog.java:173] - Starting service [Tomcat]
2023-02-23 13:13:30,624 INFO [main][DirectJDKLog.java:173] - Starting Servlet engine: [Apache Tomcat/9.0.71]
2023-02-23 13:13:30,624 INFO [main][DirectJDKLog.java:173] - Starting Servlet engine: [Apache Tomcat/9.0.71]
2023-02-23 13:13:30,725 INFO [main][DirectJDKLog.java:173] - Initializing Spring embedded WebApplicationContext
2023-02-23 13:13:30,725 INFO [main][DirectJDKLog.java:173] - Initializing Spring embedded WebApplicationContext
2023-02-23 13:13:30,725 INFO [main][ServletWebServerApplicationContext.java:292] - Root WebApplicationContext: initialization completed in 735 ms
2023-02-23 13:13:30,725 INFO [main][ServletWebServerApplicationContext.java:292] - Root WebApplicationContext: initialization completed in 735 ms
2023-02-23 13:13:30,998 DEBUG [main][AbstractHandlerMethodMapping.java:295] - 
	c.z.x.c.a.c.CourseBaseController:
	{POST [/coursebase/list]}: list(PageParams,CourseQueryParamsDto)
2023-02-23 13:13:30,998 DEBUG [main][AbstractHandlerMethodMapping.java:295] - 
	c.z.x.c.a.c.CourseBaseController:
	{POST [/coursebase/list]}: list(PageParams,CourseQueryParamsDto)
2023-02-23 13:13:31,001 DEBUG [main][AbstractHandlerMethodMapping.java:295] - 
	o.s.b.a.w.s.e.BasicErrorController:
	{ [/error]}: error(HttpServletRequest)
	{ [/error], produces [text/html]}: errorHtml(HttpServletRequest,HttpServletResponse)
2023-02-23 13:13:31,001 DEBUG [main][AbstractHandlerMethodMapping.java:295] - 
	o.s.b.a.w.s.e.BasicErrorController:
	{ [/error]}: error(HttpServletRequest)
	{ [/error], produces [text/html]}: errorHtml(HttpServletRequest,HttpServletResponse)
2023-02-23 13:13:31,012 DEBUG [main][AbstractHandlerMethodMapping.java:295] - 
	o.s.w.a.OpenApiWebMvcResource:
	{GET [/v3/api-docs.yaml], produces [application/vnd.oai.openapi]}: openapiYaml(HttpServletRequest,String,Locale)
	{GET [/v3/api-docs], produces [application/json]}: openapiJson(HttpServletRequest,String,Locale)
2023-02-23 13:13:31,012 DEBUG [main][AbstractHandlerMethodMapping.java:295] - 
	o.s.w.a.OpenApiWebMvcResource:
	{GET [/v3/api-docs.yaml], produces [application/vnd.oai.openapi]}: openapiYaml(HttpServletRequest,String,Locale)
	{GET [/v3/api-docs], produces [application/json]}: openapiJson(HttpServletRequest,String,Locale)
2023-02-23 13:13:31,013 DEBUG [main][AbstractHandlerMethodMapping.java:295] - 
	o.s.w.u.SwaggerWelcomeWebMvc:
	{GET [/swagger-ui.html]}: redirectToUi(HttpServletRequest)
2023-02-23 13:13:31,013 DEBUG [main][AbstractHandlerMethodMapping.java:295] - 
	o.s.w.u.SwaggerWelcomeWebMvc:
	{GET [/swagger-ui.html]}: redirectToUi(HttpServletRequest)
2023-02-23 13:13:31,013 DEBUG [main][AbstractHandlerMethodMapping.java:295] - 
	o.s.w.u.SwaggerConfigResource:
	{GET [/v3/api-docs/swagger-config], produces [application/json]}: openapiJson(HttpServletRequest)
2023-02-23 13:13:31,013 DEBUG [main][AbstractHandlerMethodMapping.java:295] - 
	o.s.w.u.SwaggerConfigResource:
	{GET [/v3/api-docs/swagger-config], produces [application/json]}: openapiJson(HttpServletRequest)
2023-02-23 13:13:31,018 DEBUG [main][AbstractDetectingUrlHandlerMapping.java:86] - 'beanNameHandlerMapping' {}
2023-02-23 13:13:31,018 DEBUG [main][AbstractDetectingUrlHandlerMapping.java:86] - 'beanNameHandlerMapping' {}
2023-02-23 13:13:31,203 DEBUG [main][SimpleUrlHandlerMapping.java:177] - 'resourceHandlerMapping' {/webjars/**=ResourceHttpRequestHandler [classpath [META-INF/resources/webjars/]], /**=ResourceHttpRequestHandler [classpath [META-INF/resources/], classpath [resources/], classpath [static/], classpath [public/], ServletContext [/]], /swagger-ui*/**=ResourceHttpRequestHandler [classpath [META-INF/resources/webjars/]]}
2023-02-23 13:13:31,203 DEBUG [main][SimpleUrlHandlerMapping.java:177] - 'resourceHandlerMapping' {/webjars/**=ResourceHttpRequestHandler [classpath [META-INF/resources/webjars/]], /**=ResourceHttpRequestHandler [classpath [META-INF/resources/], classpath [resources/], classpath [static/], classpath [public/], ServletContext [/]], /swagger-ui*/**=ResourceHttpRequestHandler [classpath [META-INF/resources/webjars/]]}
2023-02-23 13:13:31,223 DEBUG [main][LogFactory.java:109] - Logging initialized using 'class org.apache.ibatis.logging.slf4j.Slf4jImpl' adapter.
2023-02-23 13:13:31,223 DEBUG [main][LogFactory.java:109] - Logging initialized using 'class org.apache.ibatis.logging.slf4j.Slf4jImpl' adapter.
2023-02-23 13:13:31,281 INFO [main][DirectJDKLog.java:173] - Starting ProtocolHandler ["http-nio-1001"]
2023-02-23 13:13:31,281 INFO [main][DirectJDKLog.java:173] - Starting ProtocolHandler ["http-nio-1001"]
2023-02-23 13:13:31,294 INFO [main][TomcatWebServer.java:220] - Tomcat started on port(s): 1001 (http) with context path ''
2023-02-23 13:13:31,294 INFO [main][TomcatWebServer.java:220] - Tomcat started on port(s): 1001 (http) with context path ''
2023-02-23 13:13:31,301 INFO [main][StartupInfoLogger.java:61] - Started ContentApiApplication in 1.741 seconds (JVM running for 2.765)
2023-02-23 13:13:31,301 INFO [main][StartupInfoLogger.java:61] - Started ContentApiApplication in 1.741 seconds (JVM running for 2.765)
2023-02-23 13:13:38,510 INFO [http-nio-1001-exec-1][DirectJDKLog.java:173] - Initializing Spring DispatcherServlet 'dispatcherServlet'
2023-02-23 13:13:38,510 INFO [http-nio-1001-exec-1][DirectJDKLog.java:173] - Initializing Spring DispatcherServlet 'dispatcherServlet'
2023-02-23 13:13:38,510 INFO [http-nio-1001-exec-1][FrameworkServlet.java:525] - Initializing Servlet 'dispatcherServlet'
2023-02-23 13:13:38,510 INFO [http-nio-1001-exec-1][FrameworkServlet.java:525] - Initializing Servlet 'dispatcherServlet'
2023-02-23 13:13:38,512 INFO [http-nio-1001-exec-1][FrameworkServlet.java:547] - Completed initialization in 1 ms
2023-02-23 13:13:38,512 INFO [http-nio-1001-exec-1][FrameworkServlet.java:547] - Completed initialization in 1 ms
2023-02-23 13:13:38,833 DEBUG [http-nio-1001-exec-3][ModelConverterContextImpl.java:90] - resolve class com.zkc.xcplus.base.model.PageParams
2023-02-23 13:13:38,833 DEBUG [http-nio-1001-exec-3][ModelConverterContextImpl.java:90] - resolve class com.zkc.xcplus.base.model.PageParams
2023-02-23 13:13:38,836 DEBUG [http-nio-1001-exec-3][ModelConverterContextImpl.java:90] - resolve [simple type, class java.lang.Long]
2023-02-23 13:13:38,836 DEBUG [http-nio-1001-exec-3][ModelConverterContextImpl.java:90] - resolve [simple type, class java.lang.Long]
2023-02-23 13:13:38,848 DEBUG [http-nio-1001-exec-3][ModelConverterContextImpl.java:90] - resolve [simple type, class java.lang.Long]
2023-02-23 13:13:38,848 DEBUG [http-nio-1001-exec-3][ModelConverterContextImpl.java:90] - resolve [simple type, class java.lang.Long]
2023-02-23 13:13:38,852 DEBUG [http-nio-1001-exec-3][ModelConverterContextImpl.java:90] - resolve class com.zkc.xcplus.content.model.dto.CourseQueryParamsDto
2023-02-23 13:13:38,852 DEBUG [http-nio-1001-exec-3][ModelConverterContextImpl.java:90] - resolve class com.zkc.xcplus.content.model.dto.CourseQueryParamsDto
2023-02-23 13:13:38,852 DEBUG [http-nio-1001-exec-3][ModelConverterContextImpl.java:90] - resolve [simple type, class java.lang.String]
2023-02-23 13:13:38,852 DEBUG [http-nio-1001-exec-3][ModelConverterContextImpl.java:90] - resolve [simple type, class java.lang.String]
2023-02-23 13:13:38,856 DEBUG [http-nio-1001-exec-3][ModelConverterContextImpl.java:90] - resolve [simple type, class java.lang.String]
2023-02-23 13:13:38,856 DEBUG [http-nio-1001-exec-3][ModelConverterContextImpl.java:90] - resolve [simple type, class java.lang.String]
2023-02-23 13:13:38,856 DEBUG [http-nio-1001-exec-3][ModelConverterContextImpl.java:90] - resolve [simple type, class java.lang.String]
2023-02-23 13:13:38,856 DEBUG [http-nio-1001-exec-3][ModelConverterContextImpl.java:90] - resolve [simple type, class java.lang.String]
2023-02-23 13:13:38,860 DEBUG [http-nio-1001-exec-3][ModelConverterContextImpl.java:90] - resolve com.zkc.xcplus.base.model.PageResult<com.zkc.xcplus.content.model.po.CourseBase>
2023-02-23 13:13:38,860 DEBUG [http-nio-1001-exec-3][ModelConverterContextImpl.java:90] - resolve com.zkc.xcplus.base.model.PageResult<com.zkc.xcplus.content.model.po.CourseBase>
2023-02-23 13:13:38,862 DEBUG [http-nio-1001-exec-3][ModelConverterContextImpl.java:90] - resolve [collection type; class java.util.List, contains [simple type, class com.zkc.xcplus.content.model.po.CourseBase]]
2023-02-23 13:13:38,862 DEBUG [http-nio-1001-exec-3][ModelConverterContextImpl.java:90] - resolve [collection type; class java.util.List, contains [simple type, class com.zkc.xcplus.content.model.po.CourseBase]]
2023-02-23 13:13:38,864 DEBUG [http-nio-1001-exec-3][ModelConverterContextImpl.java:90] - resolve [simple type, class com.zkc.xcplus.content.model.po.CourseBase]
2023-02-23 13:13:38,864 DEBUG [http-nio-1001-exec-3][ModelConverterContextImpl.java:90] - resolve [simple type, class com.zkc.xcplus.content.model.po.CourseBase]
2023-02-23 13:13:38,870 DEBUG [http-nio-1001-exec-3][ModelConverterContextImpl.java:90] - resolve [simple type, class java.lang.Long]
2023-02-23 13:13:38,870 DEBUG [http-nio-1001-exec-3][ModelConverterContextImpl.java:90] - resolve [simple type, class java.lang.Long]
2023-02-23 13:13:38,871 DEBUG [http-nio-1001-exec-3][ModelConverterContextImpl.java:90] - resolve [simple type, class java.lang.Long]
2023-02-23 13:13:38,871 DEBUG [http-nio-1001-exec-3][ModelConverterContextImpl.java:90] - resolve [simple type, class java.lang.Long]
2023-02-23 13:13:38,872 DEBUG [http-nio-1001-exec-3][ModelConverterContextImpl.java:90] - resolve [simple type, class java.lang.String]
2023-02-23 13:13:38,872 DEBUG [http-nio-1001-exec-3][ModelConverterContextImpl.java:90] - resolve [simple type, class java.lang.String]
2023-02-23 13:13:38,873 DEBUG [http-nio-1001-exec-3][ModelConverterContextImpl.java:90] - resolve [simple type, class java.lang.String]
2023-02-23 13:13:38,873 DEBUG [http-nio-1001-exec-3][ModelConverterContextImpl.java:90] - resolve [simple type, class java.lang.String]
2023-02-23 13:13:38,874 DEBUG [http-nio-1001-exec-3][ModelConverterContextImpl.java:90] - resolve [simple type, class java.lang.String]
2023-02-23 13:13:38,874 DEBUG [http-nio-1001-exec-3][ModelConverterContextImpl.java:90] - resolve [simple type, class java.lang.String]
2023-02-23 13:13:38,874 DEBUG [http-nio-1001-exec-3][ModelConverterContextImpl.java:90] - resolve [simple type, class java.lang.String]
2023-02-23 13:13:38,874 DEBUG [http-nio-1001-exec-3][ModelConverterContextImpl.java:90] - resolve [simple type, class java.lang.String]
2023-02-23 13:13:38,875 DEBUG [http-nio-1001-exec-3][ModelConverterContextImpl.java:90] - resolve [simple type, class java.lang.String]
2023-02-23 13:13:38,875 DEBUG [http-nio-1001-exec-3][ModelConverterContextImpl.java:90] - resolve [simple type, class java.lang.String]
2023-02-23 13:13:38,876 DEBUG [http-nio-1001-exec-3][ModelConverterContextImpl.java:90] - resolve [simple type, class java.lang.String]
2023-02-23 13:13:38,876 DEBUG [http-nio-1001-exec-3][ModelConverterContextImpl.java:90] - resolve [simple type, class java.lang.String]
2023-02-23 13:13:38,877 DEBUG [http-nio-1001-exec-3][ModelConverterContextImpl.java:90] - resolve [simple type, class java.lang.String]
2023-02-23 13:13:38,877 DEBUG [http-nio-1001-exec-3][ModelConverterContextImpl.java:90] - resolve [simple type, class java.lang.String]
2023-02-23 13:13:38,877 DEBUG [http-nio-1001-exec-3][ModelConverterContextImpl.java:90] - resolve [simple type, class java.lang.String]
2023-02-23 13:13:38,877 DEBUG [http-nio-1001-exec-3][ModelConverterContextImpl.java:90] - resolve [simple type, class java.lang.String]
2023-02-23 13:13:38,878 DEBUG [http-nio-1001-exec-3][ModelConverterContextImpl.java:90] - resolve [simple type, class java.lang.String]
2023-02-23 13:13:38,878 DEBUG [http-nio-1001-exec-3][ModelConverterContextImpl.java:90] - resolve [simple type, class java.lang.String]
2023-02-23 13:13:38,882 DEBUG [http-nio-1001-exec-3][ModelConverterContextImpl.java:90] - resolve [simple type, class java.lang.String]
2023-02-23 13:13:38,882 DEBUG [http-nio-1001-exec-3][ModelConverterContextImpl.java:90] - resolve [simple type, class java.lang.String]
2023-02-23 13:13:38,883 DEBUG [http-nio-1001-exec-3][ModelConverterContextImpl.java:90] - resolve [simple type, class java.time.LocalDateTime]
2023-02-23 13:13:38,883 DEBUG [http-nio-1001-exec-3][ModelConverterContextImpl.java:90] - resolve [simple type, class java.time.LocalDateTime]
2023-02-23 13:13:38,887 DEBUG [http-nio-1001-exec-3][ModelConverterContextImpl.java:90] - resolve [simple type, class java.time.LocalDateTime]
2023-02-23 13:13:38,887 DEBUG [http-nio-1001-exec-3][ModelConverterContextImpl.java:90] - resolve [simple type, class java.time.LocalDateTime]
2023-02-23 13:13:38,888 DEBUG [http-nio-1001-exec-3][ModelConverterContextImpl.java:90] - resolve [simple type, class java.lang.String]
2023-02-23 13:13:38,888 DEBUG [http-nio-1001-exec-3][ModelConverterContextImpl.java:90] - resolve [simple type, class java.lang.String]
2023-02-23 13:13:38,889 DEBUG [http-nio-1001-exec-3][ModelConverterContextImpl.java:90] - resolve [simple type, class java.lang.String]
2023-02-23 13:13:38,889 DEBUG [http-nio-1001-exec-3][ModelConverterContextImpl.java:90] - resolve [simple type, class java.lang.String]
2023-02-23 13:13:38,889 DEBUG [http-nio-1001-exec-3][ModelConverterContextImpl.java:90] - resolve [simple type, class java.lang.String]
2023-02-23 13:13:38,889 DEBUG [http-nio-1001-exec-3][ModelConverterContextImpl.java:90] - resolve [simple type, class java.lang.String]
2023-02-23 13:13:38,890 DEBUG [http-nio-1001-exec-3][ModelConverterContextImpl.java:90] - resolve [simple type, class java.lang.String]
2023-02-23 13:13:38,890 DEBUG [http-nio-1001-exec-3][ModelConverterContextImpl.java:90] - resolve [simple type, class java.lang.String]
2023-02-23 13:13:38,894 DEBUG [http-nio-1001-exec-3][ModelConverterContextImpl.java:90] - resolve [simple type, class long]
2023-02-23 13:13:38,894 DEBUG [http-nio-1001-exec-3][ModelConverterContextImpl.java:90] - resolve [simple type, class long]
2023-02-23 13:13:38,895 DEBUG [http-nio-1001-exec-3][ModelConverterContextImpl.java:90] - resolve [simple type, class long]
2023-02-23 13:13:38,895 DEBUG [http-nio-1001-exec-3][ModelConverterContextImpl.java:90] - resolve [simple type, class long]
2023-02-23 13:13:38,895 DEBUG [http-nio-1001-exec-3][ModelConverterContextImpl.java:90] - resolve [simple type, class long]
2023-02-23 13:13:38,895 DEBUG [http-nio-1001-exec-3][ModelConverterContextImpl.java:90] - resolve [simple type, class long]
2023-02-23 13:13:38,902 INFO [http-nio-1001-exec-3][AbstractOpenApiResource.java:359] - Init duration for springdoc-openapi is: 188 ms
2023-02-23 13:13:38,902 INFO [http-nio-1001-exec-3][AbstractOpenApiResource.java:359] - Init duration for springdoc-openapi is: 188 ms
